2024-11-17 23:58:31,472 - INFO - Starting knowledge base generation for files in source/PL-SQL-Chess-master
2024-11-17 23:58:31,768 - INFO - Skipping ignored file: source/PL-SQL-Chess-master/src/pl_pig_chess_data.pks
2024-11-17 23:58:31,768 - INFO - Found 6 PL/SQL files and 5 README files in source/PL-SQL-Chess-master
2024-11-17 23:58:31,770 - INFO - Processing PL/SQL files...
2024-11-17 23:58:31,771 - INFO - Processing PL/SQL file 1/6: source/PL-SQL-Chess-master/src/pl_pig_chess_engine.pkb
2024-11-17 23:58:31,783 - INFO - Reading file source/PL-SQL-Chess-master/src/pl_pig_chess_engine.pkb with enhanced encoding handling
2024-11-17 23:58:31,929 - INFO - Attempting to decode source/PL-SQL-Chess-master/src/pl_pig_chess_engine.pkb with utf-8 encoding
2024-11-17 23:58:31,946 - INFO - Successfully decoded source/PL-SQL-Chess-master/src/pl_pig_chess_engine.pkb with utf-8 encoding
2024-11-17 23:58:31,948 - INFO - Generating documentation for source/PL-SQL-Chess-master/src/pl_pig_chess_engine.pkb
2024-11-17 23:58:53,103 - INFO - Bedrock API call successful on attempt 1
2024-11-17 23:58:53,278 - INFO - Successfully generated documentation at target/knowledge_base/documentation/pl_pig_chess_engine.md
2024-11-17 23:58:54,279 - INFO - Generating domain_knowledge for source/PL-SQL-Chess-master/src/pl_pig_chess_engine.pkb
2024-11-17 23:59:01,014 - ERROR - Bedrock API Error Details:
{
  "Attempt": 1,
  "Error Code": "ThrottlingException",
  "Error Message": "Too many tokens, please wait before trying again.",
  "Request ID": "207d795e-aba9-4a71-bd4c-dd74890c4e2f",
  "Status Code": 429
}
2024-11-17 23:59:01,015 - INFO - Retrying in 1.04 seconds... (Attempt 1/10)
2024-11-17 23:59:13,104 - ERROR - Bedrock API Error Details:
{
  "Attempt": 2,
  "Error Code": "ThrottlingException",
  "Error Message": "Too many tokens, please wait before trying again.",
  "Request ID": "9106fa6a-08e5-497c-b5df-0cb824ca655d",
  "Status Code": 429
}
2024-11-17 23:59:13,104 - INFO - Retrying in 2.09 seconds... (Attempt 2/10)
2024-11-17 23:59:23,179 - ERROR - Bedrock API Error Details:
{
  "Attempt": 3,
  "Error Code": "ThrottlingException",
  "Error Message": "Too many tokens, please wait before trying again.",
  "Request ID": "91c205ac-33fe-43d8-b97f-7dce4c845abe",
  "Status Code": 429
}
2024-11-17 23:59:23,180 - INFO - Retrying in 4.06 seconds... (Attempt 3/10)
2024-11-17 23:59:35,502 - ERROR - Bedrock API Error Details:
{
  "Attempt": 4,
  "Error Code": "ThrottlingException",
  "Error Message": "Too many tokens, please wait before trying again.",
  "Request ID": "0e666c10-47c0-455a-b723-e2a88bbbbf71",
  "Status Code": 429
}
2024-11-17 23:59:35,503 - INFO - Retrying in 8.00 seconds... (Attempt 4/10)
2024-11-17 23:59:48,552 - ERROR - Bedrock API Error Details:
{
  "Attempt": 5,
  "Error Code": "ThrottlingException",
  "Error Message": "Too many tokens, please wait before trying again.",
  "Request ID": "5cbabd89-a295-4162-84ce-743bbdc1186f",
  "Status Code": 429
}
2024-11-17 23:59:48,553 - INFO - Retrying in 16.00 seconds... (Attempt 5/10)
2024-11-18 00:00:10,359 - ERROR - Bedrock API Error Details:
{
  "Attempt": 6,
  "Error Code": "ThrottlingException",
  "Error Message": "Too many tokens, please wait before trying again.",
  "Request ID": "ffdd35e6-2800-47ef-b4d5-65fb6340af40",
  "Status Code": 429
}
2024-11-18 00:00:10,360 - INFO - Retrying in 32.03 seconds... (Attempt 6/10)
2024-11-18 00:00:46,659 - ERROR - Bedrock API Error Details:
{
  "Attempt": 7,
  "Error Code": "ThrottlingException",
  "Error Message": "Too many tokens, please wait before trying again.",
  "Request ID": "673c4f8b-8868-4eb0-bd75-446b13874abe",
  "Status Code": 429
}
2024-11-18 00:00:46,661 - INFO - Retrying in 32.01 seconds... (Attempt 7/10)
2024-11-18 00:01:27,710 - ERROR - Bedrock API Error Details:
{
  "Attempt": 8,
  "Error Code": "ThrottlingException",
  "Error Message": "Too many tokens, please wait before trying again.",
  "Request ID": "ec916b0e-78e2-4507-9741-f17d21c22853",
  "Status Code": 429
}
2024-11-18 00:01:27,710 - INFO - Retrying in 32.05 seconds... (Attempt 8/10)
2024-11-18 00:02:06,897 - ERROR - Bedrock API Error Details:
{
  "Attempt": 9,
  "Error Code": "ThrottlingException",
  "Error Message": "Too many tokens, please wait before trying again.",
  "Request ID": "2500a00d-88ea-4b5a-9bd5-3e4aebeb7b29",
  "Status Code": 429
}
2024-11-18 00:02:06,898 - INFO - Retrying in 32.05 seconds... (Attempt 9/10)
2024-11-18 00:02:43,067 - ERROR - Bedrock API Error Details:
{
  "Attempt": 10,
  "Error Code": "ThrottlingException",
  "Error Message": "Too many tokens, please wait before trying again.",
  "Request ID": "52cff894-a6ca-4fc2-a94a-6a1bd7a4f8c0",
  "Status Code": 429
}
2024-11-18 00:02:43,068 - ERROR - Final attempt failed. Giving up after 10 attempts.
2024-11-18 00:02:43,068 - ERROR - Error generating domain_knowledge for source/PL-SQL-Chess-master/src/pl_pig_chess_engine.pkb: Failed after 10 attempts. Last error: Too many tokens, please wait before trying again.
2024-11-18 00:02:43,068 - INFO - Generating sme_conversation for source/PL-SQL-Chess-master/src/pl_pig_chess_engine.pkb
2024-11-18 00:02:53,975 - ERROR - Bedrock API Error Details:
{
  "Attempt": 1,
  "Error Code": "ThrottlingException",
  "Error Message": "Too many tokens, please wait before trying again.",
  "Request ID": "f737bec1-8cb7-4f96-a547-ce0a9c6de708",
  "Status Code": 429
}
2024-11-18 00:02:53,975 - INFO - Retrying in 1.02 seconds... (Attempt 1/10)
2024-11-18 00:03:02,902 - ERROR - Bedrock API Error Details:
{
  "Attempt": 2,
  "Error Code": "ThrottlingException",
  "Error Message": "Too many tokens, please wait before trying again.",
  "Request ID": "64014d26-5567-4cc1-a8cb-6413a3b2a50a",
  "Status Code": 429
}
2024-11-18 00:03:02,903 - INFO - Retrying in 2.04 seconds... (Attempt 2/10)
2024-11-18 00:03:12,139 - ERROR - Bedrock API Error Details:
{
  "Attempt": 3,
  "Error Code": "ThrottlingException",
  "Error Message": "Too many tokens, please wait before trying again.",
  "Request ID": "cfe3e67e-def3-4324-a67d-9eb511fa3987",
  "Status Code": 429
}
2024-11-18 00:03:12,141 - INFO - Retrying in 4.03 seconds... (Attempt 3/10)
2024-11-18 00:03:20,518 - ERROR - Bedrock API Error Details:
{
  "Attempt": 4,
  "Error Code": "ThrottlingException",
  "Error Message": "Too many tokens, please wait before trying again.",
  "Request ID": "ce3de678-b549-4abe-b61f-4445cfdd0b07",
  "Status Code": 429
}
2024-11-18 00:03:20,520 - INFO - Retrying in 8.02 seconds... (Attempt 4/10)
2024-11-18 00:03:33,072 - ERROR - Bedrock API Error Details:
{
  "Attempt": 5,
  "Error Code": "ThrottlingException",
  "Error Message": "Too many tokens, please wait before trying again.",
  "Request ID": "805e301a-e7ad-460b-ab90-b6c8577e4cbe",
  "Status Code": 429
}
2024-11-18 00:03:33,073 - INFO - Retrying in 16.09 seconds... (Attempt 5/10)
2024-11-18 00:03:51,722 - ERROR - Bedrock API Error Details:
{
  "Attempt": 6,
  "Error Code": "ThrottlingException",
  "Error Message": "Too many tokens, please wait before trying again.",
  "Request ID": "5c4c99e1-5e74-4293-bc77-2e1815fb724e",
  "Status Code": 429
}
2024-11-18 00:03:51,723 - INFO - Retrying in 32.03 seconds... (Attempt 6/10)
2024-11-18 00:04:26,315 - ERROR - Bedrock API Error Details:
{
  "Attempt": 7,
  "Error Code": "ThrottlingException",
  "Error Message": "Too many tokens, please wait before trying again.",
  "Request ID": "8970e54d-bcae-4661-8026-b4dade0667d3",
  "Status Code": 429
}
2024-11-18 00:04:26,316 - INFO - Retrying in 32.04 seconds... (Attempt 7/10)
2024-11-18 00:05:05,507 - ERROR - Bedrock API Error Details:
{
  "Attempt": 8,
  "Error Code": "ThrottlingException",
  "Error Message": "Too many tokens, please wait before trying again.",
  "Request ID": "d5c40f4f-cb1c-4c28-9d26-8651c851f278",
  "Status Code": 429
}
2024-11-18 00:05:05,508 - INFO - Retrying in 32.00 seconds... (Attempt 8/10)
2024-11-18 00:05:42,791 - ERROR - Bedrock API Error Details:
{
  "Attempt": 9,
  "Error Code": "ThrottlingException",
  "Error Message": "Too many tokens, please wait before trying again.",
  "Request ID": "ac80fa1c-fdbc-4636-9344-38dc091347fe",
  "Status Code": 429
}
2024-11-18 00:05:42,792 - INFO - Retrying in 32.06 seconds... (Attempt 9/10)
2024-11-18 00:06:20,124 - ERROR - Bedrock API Error Details:
{
  "Attempt": 10,
  "Error Code": "ThrottlingException",
  "Error Message": "Too many tokens, please wait before trying again.",
  "Request ID": "b0ae0dbd-dbaf-4613-af43-5b18b021d9b9",
  "Status Code": 429
}
2024-11-18 00:06:20,124 - ERROR - Final attempt failed. Giving up after 10 attempts.
2024-11-18 00:06:20,125 - ERROR - Error generating sme_conversation for source/PL-SQL-Chess-master/src/pl_pig_chess_engine.pkb: Failed after 10 attempts. Last error: Too many tokens, please wait before trying again.
2024-11-18 00:06:20,129 - INFO - Completed processing PL/SQL file 1/6
2024-11-18 00:06:20,129 - INFO - Processing PL/SQL file 2/6: source/PL-SQL-Chess-master/src/pl_pig_chess_engine.pks
2024-11-18 00:06:20,141 - INFO - Reading file source/PL-SQL-Chess-master/src/pl_pig_chess_engine.pks with enhanced encoding handling
2024-11-18 00:06:20,275 - INFO - Attempting to decode source/PL-SQL-Chess-master/src/pl_pig_chess_engine.pks with utf-8 encoding
2024-11-18 00:06:20,277 - INFO - Successfully decoded source/PL-SQL-Chess-master/src/pl_pig_chess_engine.pks with utf-8 encoding
2024-11-18 00:06:20,278 - INFO - Generating documentation for source/PL-SQL-Chess-master/src/pl_pig_chess_engine.pks
2024-11-18 00:06:25,156 - ERROR - Bedrock API Error Details:
{
  "Attempt": 1,
  "Error Code": "ThrottlingException",
  "Error Message": "Too many tokens, please wait before trying again.",
  "Request ID": "ac77b1cd-4042-4b06-861b-1abb36f1c7a4",
  "Status Code": 429
}
2024-11-18 00:06:25,157 - INFO - Retrying in 1.03 seconds... (Attempt 1/10)
2024-11-18 00:06:32,535 - ERROR - Bedrock API Error Details:
{
  "Attempt": 2,
  "Error Code": "ThrottlingException",
  "Error Message": "Too many tokens, please wait before trying again.",
  "Request ID": "31543a17-8a2f-4b0d-9eb2-66dc715982d5",
  "Status Code": 429
}
2024-11-18 00:06:32,536 - INFO - Retrying in 2.03 seconds... (Attempt 2/10)
2024-11-18 00:06:39,871 - ERROR - Bedrock API Error Details:
{
  "Attempt": 3,
  "Error Code": "ThrottlingException",
  "Error Message": "Too many tokens, please wait before trying again.",
  "Request ID": "07d0b000-8666-4fc5-92e3-3072fbea0e9d",
  "Status Code": 429
}
2024-11-18 00:06:39,873 - INFO - Retrying in 4.04 seconds... (Attempt 3/10)
2024-11-18 00:06:53,280 - ERROR - Bedrock API Error Details:
{
  "Attempt": 4,
  "Error Code": "ThrottlingException",
  "Error Message": "Too many tokens, please wait before trying again.",
  "Request ID": "98340002-a852-4ea0-9abc-e18c582187e1",
  "Status Code": 429
}
2024-11-18 00:06:53,280 - INFO - Retrying in 8.09 seconds... (Attempt 4/10)
2024-11-18 00:07:09,698 - ERROR - Bedrock API Error Details:
{
  "Attempt": 5,
  "Error Code": "ThrottlingException",
  "Error Message": "Too many tokens, please wait before trying again.",
  "Request ID": "49b2189c-97d1-4efc-914b-240368039af9",
  "Status Code": 429
}
2024-11-18 00:07:09,698 - INFO - Retrying in 16.08 seconds... (Attempt 5/10)
2024-11-18 00:07:32,638 - ERROR - Bedrock API Error Details:
{
  "Attempt": 6,
  "Error Code": "ThrottlingException",
  "Error Message": "Too many tokens, please wait before trying again.",
  "Request ID": "15c2829d-a8e9-4dea-9d2f-5081aae5a00c",
  "Status Code": 429
}
2024-11-18 00:07:32,639 - INFO - Retrying in 32.06 seconds... (Attempt 6/10)
2024-11-18 00:08:13,536 - ERROR - Bedrock API Error Details:
{
  "Attempt": 7,
  "Error Code": "ThrottlingException",
  "Error Message": "Too many tokens, please wait before trying again.",
  "Request ID": "2fb4c73e-4610-41a9-b8e0-d6bb4f09c4a8",
  "Status Code": 429
}
2024-11-18 00:08:13,536 - INFO - Retrying in 32.01 seconds... (Attempt 7/10)
2024-11-18 00:08:53,745 - ERROR - Bedrock API Error Details:
{
  "Attempt": 8,
  "Error Code": "ThrottlingException",
  "Error Message": "Too many tokens, please wait before trying again.",
  "Request ID": "5af812b7-1b4e-4e1a-8330-773dda6327b0",
  "Status Code": 429
}
2024-11-18 00:08:53,746 - INFO - Retrying in 32.02 seconds... (Attempt 8/10)
2024-11-18 00:09:37,041 - ERROR - Bedrock API Error Details:
{
  "Attempt": 9,
  "Error Code": "ThrottlingException",
  "Error Message": "Too many tokens, please wait before trying again.",
  "Request ID": "2611373b-79d2-418b-97a0-6c4e44161376",
  "Status Code": 429
}
2024-11-18 00:09:37,042 - INFO - Retrying in 32.01 seconds... (Attempt 9/10)
2024-11-18 00:10:13,944 - ERROR - Bedrock API Error Details:
{
  "Attempt": 10,
  "Error Code": "ThrottlingException",
  "Error Message": "Too many tokens, please wait before trying again.",
  "Request ID": "e3afe001-584b-4b97-88a4-5d29d917a162",
  "Status Code": 429
}
2024-11-18 00:10:13,944 - ERROR - Final attempt failed. Giving up after 10 attempts.
2024-11-18 00:10:13,944 - ERROR - Error generating documentation for source/PL-SQL-Chess-master/src/pl_pig_chess_engine.pks: Failed after 10 attempts. Last error: Too many tokens, please wait before trying again.
2024-11-18 00:10:13,944 - INFO - Generating domain_knowledge for source/PL-SQL-Chess-master/src/pl_pig_chess_engine.pks
2024-11-18 00:10:17,634 - ERROR - Bedrock API Error Details:
{
  "Attempt": 1,
  "Error Code": "ThrottlingException",
  "Error Message": "Too many tokens, please wait before trying again.",
  "Request ID": "abdc8401-3e08-45c8-b6c7-50c48f1e8c83",
  "Status Code": 429
}
2024-11-18 00:10:17,636 - INFO - Retrying in 1.08 seconds... (Attempt 1/10)
2024-11-18 00:10:25,723 - ERROR - Bedrock API Error Details:
{
  "Attempt": 2,
  "Error Code": "ThrottlingException",
  "Error Message": "Too many tokens, please wait before trying again.",
  "Request ID": "1839ebc6-59da-4722-a0b3-bbf44c511e99",
  "Status Code": 429
}
2024-11-18 00:10:25,723 - INFO - Retrying in 2.10 seconds... (Attempt 2/10)
2024-11-18 00:10:34,590 - ERROR - Bedrock API Error Details:
{
  "Attempt": 3,
  "Error Code": "ThrottlingException",
  "Error Message": "Too many tokens, please wait before trying again.",
  "Request ID": "15936b6a-15df-4631-b943-6326212b2845",
  "Status Code": 429
}
2024-11-18 00:10:34,593 - INFO - Retrying in 4.03 seconds... (Attempt 3/10)
2024-11-18 00:10:55,030 - INFO - Bedrock API call successful on attempt 4
2024-11-18 00:10:55,145 - INFO - Successfully generated domain_knowledge at target/knowledge_base/domain_knowledge/pl_pig_chess_engine.md
2024-11-18 00:10:56,145 - INFO - Generating sme_conversation for source/PL-SQL-Chess-master/src/pl_pig_chess_engine.pks
2024-11-18 00:11:00,722 - ERROR - Bedrock API Error Details:
{
  "Attempt": 1,
  "Error Code": "ThrottlingException",
  "Error Message": "Too many tokens, please wait before trying again.",
  "Request ID": "15154be1-da2a-40ab-ae71-1dbde398b381",
  "Status Code": 429
}
2024-11-18 00:11:00,723 - INFO - Retrying in 1.07 seconds... (Attempt 1/10)
2024-11-18 00:11:14,191 - ERROR - Bedrock API Error Details:
{
  "Attempt": 2,
  "Error Code": "ThrottlingException",
  "Error Message": "Too many tokens, please wait before trying again.",
  "Request ID": "13999657-9432-4bea-95b0-b45b93d0c04a",
  "Status Code": 429
}
2024-11-18 00:11:14,191 - INFO - Retrying in 2.03 seconds... (Attempt 2/10)
2024-11-18 00:11:22,992 - ERROR - Bedrock API Error Details:
{
  "Attempt": 3,
  "Error Code": "ThrottlingException",
  "Error Message": "Too many tokens, please wait before trying again.",
  "Request ID": "5e4ac113-d900-4113-991f-0d0d1c7a93a2",
  "Status Code": 429
}
2024-11-18 00:11:22,992 - INFO - Retrying in 4.10 seconds... (Attempt 3/10)
2024-11-18 00:11:36,926 - ERROR - Bedrock API Error Details:
{
  "Attempt": 4,
  "Error Code": "ThrottlingException",
  "Error Message": "Too many tokens, please wait before trying again.",
  "Request ID": "51dceea4-e9b6-454c-97e1-187cb35e1254",
  "Status Code": 429
}
2024-11-18 00:11:36,928 - INFO - Retrying in 8.09 seconds... (Attempt 4/10)
2024-11-18 00:12:11,220 - INFO - Bedrock API call successful on attempt 5
2024-11-18 00:12:11,334 - INFO - Successfully generated sme_conversation at target/knowledge_base/sme_conversation/pl_pig_chess_engine.md
2024-11-18 00:12:12,339 - INFO - Completed processing PL/SQL file 2/6
2024-11-18 00:12:12,343 - INFO - Processing PL/SQL file 3/6: source/PL-SQL-Chess-master/src/pl_pig_chess_engine_eval.pkb
2024-11-18 00:12:12,360 - INFO - Reading file source/PL-SQL-Chess-master/src/pl_pig_chess_engine_eval.pkb with enhanced encoding handling
2024-11-18 00:12:12,547 - INFO - Attempting to decode source/PL-SQL-Chess-master/src/pl_pig_chess_engine_eval.pkb with utf-8 encoding
2024-11-18 00:12:12,556 - INFO - Successfully decoded source/PL-SQL-Chess-master/src/pl_pig_chess_engine_eval.pkb with utf-8 encoding
2024-11-18 00:12:12,556 - INFO - Generating documentation for source/PL-SQL-Chess-master/src/pl_pig_chess_engine_eval.pkb
2024-11-18 00:12:23,447 - ERROR - Bedrock API Error Details:
{
  "Attempt": 1,
  "Error Code": "ThrottlingException",
  "Error Message": "Too many tokens, please wait before trying again.",
  "Request ID": "fcda752a-ae7f-46ec-87c5-7a7d9fdf6ee4",
  "Status Code": 429
}
2024-11-18 00:12:23,448 - INFO - Retrying in 1.07 seconds... (Attempt 1/10)
2024-11-18 00:12:33,026 - ERROR - Bedrock API Error Details:
{
  "Attempt": 2,
  "Error Code": "ThrottlingException",
  "Error Message": "Too many tokens, please wait before trying again.",
  "Request ID": "8d8ead06-a583-4418-829f-f5652ce8841a",
  "Status Code": 429
}
2024-11-18 00:12:33,027 - INFO - Retrying in 2.08 seconds... (Attempt 2/10)
2024-11-18 00:12:47,801 - ERROR - Bedrock API Error Details:
{
  "Attempt": 3,
  "Error Code": "ThrottlingException",
  "Error Message": "Too many tokens, please wait before trying again.",
  "Request ID": "a3862ae2-e648-444e-923a-30801a20dc67",
  "Status Code": 429
}
2024-11-18 00:12:47,803 - INFO - Retrying in 4.05 seconds... (Attempt 3/10)
2024-11-18 00:12:58,904 - ERROR - Bedrock API Error Details:
{
  "Attempt": 4,
  "Error Code": "ThrottlingException",
  "Error Message": "Too many tokens, please wait before trying again.",
  "Request ID": "9576d495-7ab7-4ccc-b950-02510b79f47d",
  "Status Code": 429
}
2024-11-18 00:12:58,905 - INFO - Retrying in 8.05 seconds... (Attempt 4/10)
2024-11-18 00:13:37,936 - INFO - Bedrock API call successful on attempt 5
2024-11-18 00:13:38,112 - INFO - Successfully generated documentation at target/knowledge_base/documentation/pl_pig_chess_engine_eval.md
2024-11-18 00:13:39,112 - INFO - Generating domain_knowledge for source/PL-SQL-Chess-master/src/pl_pig_chess_engine_eval.pkb
2024-11-18 00:13:48,758 - ERROR - Bedrock API Error Details:
{
  "Attempt": 1,
  "Error Code": "ThrottlingException",
  "Error Message": "Too many tokens, please wait before trying again.",
  "Request ID": "a083a2e5-8ae8-4f5c-9e17-c3aa139f2d29",
  "Status Code": 429
}
2024-11-18 00:13:48,759 - INFO - Retrying in 1.08 seconds... (Attempt 1/10)
2024-11-18 00:14:00,261 - ERROR - Bedrock API Error Details:
{
  "Attempt": 2,
  "Error Code": "ThrottlingException",
  "Error Message": "Too many tokens, please wait before trying again.",
  "Request ID": "9d0f3afe-722c-4846-954e-74a47b1635f3",
  "Status Code": 429
}
2024-11-18 00:14:00,261 - INFO - Retrying in 2.04 seconds... (Attempt 2/10)
2024-11-18 00:14:10,314 - ERROR - Bedrock API Error Details:
{
  "Attempt": 3,
  "Error Code": "ThrottlingException",
  "Error Message": "Too many tokens, please wait before trying again.",
  "Request ID": "d0160392-ca5d-44cc-9828-e027763c0186",
  "Status Code": 429
}
2024-11-18 00:14:10,315 - INFO - Retrying in 4.06 seconds... (Attempt 3/10)
2024-11-18 00:14:17,736 - ERROR - Bedrock API Error Details:
{
  "Attempt": 4,
  "Error Code": "ThrottlingException",
  "Error Message": "Too many tokens, please wait before trying again.",
  "Request ID": "aef98a5f-1beb-45db-9479-797fc88d43c0",
  "Status Code": 429
}
2024-11-18 00:14:17,737 - INFO - Retrying in 8.09 seconds... (Attempt 4/10)
2024-11-18 00:14:33,174 - ERROR - Bedrock API Error Details:
{
  "Attempt": 5,
  "Error Code": "ThrottlingException",
  "Error Message": "Too many tokens, please wait before trying again.",
  "Request ID": "e77669fd-4221-47a7-87e4-dc2316d982f6",
  "Status Code": 429
}
2024-11-18 00:14:33,174 - INFO - Retrying in 16.05 seconds... (Attempt 5/10)
2024-11-18 00:14:59,601 - ERROR - Bedrock API Error Details:
{
  "Attempt": 6,
  "Error Code": "ThrottlingException",
  "Error Message": "Too many tokens, please wait before trying again.",
  "Request ID": "f9cda1a0-a40b-4107-840d-cefef6c04171",
  "Status Code": 429
}
2024-11-18 00:14:59,601 - INFO - Retrying in 32.07 seconds... (Attempt 6/10)
2024-11-18 00:15:39,442 - ERROR - Bedrock API Error Details:
{
  "Attempt": 7,
  "Error Code": "ThrottlingException",
  "Error Message": "Too many tokens, please wait before trying again.",
  "Request ID": "b93ba6bc-2b78-4a09-a622-8c34cffff095",
  "Status Code": 429
}
2024-11-18 00:15:39,448 - INFO - Retrying in 32.03 seconds... (Attempt 7/10)
2024-11-18 00:16:16,864 - ERROR - Bedrock API Error Details:
{
  "Attempt": 8,
  "Error Code": "ThrottlingException",
  "Error Message": "Too many tokens, please wait before trying again.",
  "Request ID": "39ca74d5-9727-4605-9a38-625159572eba",
  "Status Code": 429
}
2024-11-18 00:16:16,864 - INFO - Retrying in 32.09 seconds... (Attempt 8/10)
2024-11-18 00:16:59,881 - ERROR - Bedrock API Error Details:
{
  "Attempt": 9,
  "Error Code": "ThrottlingException",
  "Error Message": "Too many tokens, please wait before trying again.",
  "Request ID": "ff224f4c-d3f1-498e-ab2e-d1c1e0c9a1a4",
  "Status Code": 429
}
2024-11-18 00:16:59,882 - INFO - Retrying in 32.05 seconds... (Attempt 9/10)
2024-11-18 00:17:33,964 - ERROR - Bedrock API Error Details:
{
  "Attempt": 10,
  "Error Code": "ThrottlingException",
  "Error Message": "Too many tokens, please wait before trying again.",
  "Request ID": "19dfdf9b-d741-4a37-b6db-f592a48ac980",
  "Status Code": 429
}
2024-11-18 00:17:33,965 - ERROR - Final attempt failed. Giving up after 10 attempts.
2024-11-18 00:17:33,966 - ERROR - Error generating domain_knowledge for source/PL-SQL-Chess-master/src/pl_pig_chess_engine_eval.pkb: Failed after 10 attempts. Last error: Too many tokens, please wait before trying again.
2024-11-18 00:17:33,966 - INFO - Generating sme_conversation for source/PL-SQL-Chess-master/src/pl_pig_chess_engine_eval.pkb
2024-11-18 00:17:39,811 - ERROR - Bedrock API Error Details:
{
  "Attempt": 1,
  "Error Code": "ThrottlingException",
  "Error Message": "Too many tokens, please wait before trying again.",
  "Request ID": "f00b810a-d7ec-4762-9e99-9d7ed5c74fae",
  "Status Code": 429
}
2024-11-18 00:17:39,817 - INFO - Retrying in 1.03 seconds... (Attempt 1/10)
2024-11-18 00:17:52,212 - ERROR - Bedrock API Error Details:
{
  "Attempt": 2,
  "Error Code": "ThrottlingException",
  "Error Message": "Too many tokens, please wait before trying again.",
  "Request ID": "3addb71c-961c-4b38-ad3d-d643668d4cce",
  "Status Code": 429
}
2024-11-18 00:17:52,213 - INFO - Retrying in 2.05 seconds... (Attempt 2/10)
2024-11-18 00:17:59,607 - ERROR - Bedrock API Error Details:
{
  "Attempt": 3,
  "Error Code": "ThrottlingException",
  "Error Message": "Too many tokens, please wait before trying again.",
  "Request ID": "43148913-ae71-42c3-935d-7b80abe9976b",
  "Status Code": 429
}
2024-11-18 00:17:59,607 - INFO - Retrying in 4.06 seconds... (Attempt 3/10)
2024-11-18 00:18:12,566 - ERROR - Bedrock API Error Details:
{
  "Attempt": 4,
  "Error Code": "ThrottlingException",
  "Error Message": "Too many tokens, please wait before trying again.",
  "Request ID": "4a895001-aca9-4d87-afdb-1e5dbcb3c312",
  "Status Code": 429
}
2024-11-18 00:18:12,566 - INFO - Retrying in 8.01 seconds... (Attempt 4/10)
2024-11-18 00:18:24,018 - ERROR - Bedrock API Error Details:
{
  "Attempt": 5,
  "Error Code": "ThrottlingException",
  "Error Message": "Too many tokens, please wait before trying again.",
  "Request ID": "e6303433-fefa-484c-b442-8f16911c0d86",
  "Status Code": 429
}
2024-11-18 00:18:24,018 - INFO - Retrying in 16.08 seconds... (Attempt 5/10)
2024-11-18 00:18:48,704 - ERROR - Bedrock API Error Details:
{
  "Attempt": 6,
  "Error Code": "ThrottlingException",
  "Error Message": "Too many tokens, please wait before trying again.",
  "Request ID": "ecbdcfa5-46ec-469d-ac07-85fae440caae",
  "Status Code": 429
}
2024-11-18 00:18:48,705 - INFO - Retrying in 32.06 seconds... (Attempt 6/10)
2024-11-18 00:19:28,099 - ERROR - Bedrock API Error Details:
{
  "Attempt": 7,
  "Error Code": "ThrottlingException",
  "Error Message": "Too many tokens, please wait before trying again.",
  "Request ID": "8b73f6c1-58a5-4dcf-b2b1-801243e3b121",
  "Status Code": 429
}
2024-11-18 00:19:28,100 - INFO - Retrying in 32.04 seconds... (Attempt 7/10)
2024-11-18 00:20:05,244 - ERROR - Bedrock API Error Details:
{
  "Attempt": 8,
  "Error Code": "ThrottlingException",
  "Error Message": "Too many tokens, please wait before trying again.",
  "Request ID": "5902088f-41dc-4713-8060-da800a89b142",
  "Status Code": 429
}
2024-11-18 00:20:05,248 - INFO - Retrying in 32.02 seconds... (Attempt 8/10)
2024-11-18 00:20:41,792 - ERROR - Bedrock API Error Details:
{
  "Attempt": 9,
  "Error Code": "ThrottlingException",
  "Error Message": "Too many tokens, please wait before trying again.",
  "Request ID": "6155f2f9-8745-469f-bcff-56e23014d6f4",
  "Status Code": 429
}
2024-11-18 00:20:41,792 - INFO - Retrying in 32.06 seconds... (Attempt 9/10)
2024-11-18 00:21:37,183 - INFO - Bedrock API call successful on attempt 10
2024-11-18 00:21:37,328 - INFO - Successfully generated sme_conversation at target/knowledge_base/sme_conversation/pl_pig_chess_engine_eval.md
2024-11-18 00:21:38,332 - INFO - Completed processing PL/SQL file 3/6
2024-11-18 00:21:38,333 - INFO - Processing PL/SQL file 4/6: source/PL-SQL-Chess-master/src/pl_pig_chess_engine_eval.pks
2024-11-18 00:21:38,348 - INFO - Reading file source/PL-SQL-Chess-master/src/pl_pig_chess_engine_eval.pks with enhanced encoding handling
2024-11-18 00:21:38,538 - INFO - Attempting to decode source/PL-SQL-Chess-master/src/pl_pig_chess_engine_eval.pks with utf-8 encoding
2024-11-18 00:21:38,546 - INFO - Successfully decoded source/PL-SQL-Chess-master/src/pl_pig_chess_engine_eval.pks with utf-8 encoding
2024-11-18 00:21:38,554 - INFO - Generating documentation for source/PL-SQL-Chess-master/src/pl_pig_chess_engine_eval.pks
2024-11-18 00:21:44,226 - ERROR - Bedrock API Error Details:
{
  "Attempt": 1,
  "Error Code": "ThrottlingException",
  "Error Message": "Too many tokens, please wait before trying again.",
  "Request ID": "82378685-0d5a-46f2-9c13-f15309598169",
  "Status Code": 429
}
2024-11-18 00:21:44,226 - INFO - Retrying in 1.01 seconds... (Attempt 1/10)
2024-11-18 00:21:51,279 - ERROR - Bedrock API Error Details:
{
  "Attempt": 2,
  "Error Code": "ThrottlingException",
  "Error Message": "Too many tokens, please wait before trying again.",
  "Request ID": "598dc9a8-5962-4b57-8131-e996e30c9a11",
  "Status Code": 429
}
2024-11-18 00:21:51,280 - INFO - Retrying in 2.04 seconds... (Attempt 2/10)
2024-11-18 00:21:59,138 - ERROR - Bedrock API Error Details:
{
  "Attempt": 3,
  "Error Code": "ThrottlingException",
  "Error Message": "Too many tokens, please wait before trying again.",
  "Request ID": "897d8cf5-ffa1-4efc-8113-467f6324b17d",
  "Status Code": 429
}
2024-11-18 00:21:59,139 - INFO - Retrying in 4.01 seconds... (Attempt 3/10)
2024-11-18 00:22:15,774 - ERROR - Bedrock API Error Details:
{
  "Attempt": 4,
  "Error Code": "ThrottlingException",
  "Error Message": "Too many tokens, please wait before trying again.",
  "Request ID": "09d8c493-806d-40df-973a-85c60ed8b35d",
  "Status Code": 429
}
2024-11-18 00:22:15,775 - INFO - Retrying in 8.01 seconds... (Attempt 4/10)
2024-11-18 00:22:33,960 - ERROR - Bedrock API Error Details:
{
  "Attempt": 5,
  "Error Code": "ThrottlingException",
  "Error Message": "Too many tokens, please wait before trying again.",
  "Request ID": "9229b7f2-4a49-4db1-b735-ef4b6fccdd4f",
  "Status Code": 429
}
2024-11-18 00:22:33,961 - INFO - Retrying in 16.03 seconds... (Attempt 5/10)
2024-11-18 00:22:54,440 - ERROR - Bedrock API Error Details:
{
  "Attempt": 6,
  "Error Code": "ThrottlingException",
  "Error Message": "Too many tokens, please wait before trying again.",
  "Request ID": "7f34f7ec-6c51-45c8-a964-a0ba01e0ba7a",
  "Status Code": 429
}
2024-11-18 00:22:54,442 - INFO - Retrying in 32.08 seconds... (Attempt 6/10)
2024-11-18 00:23:37,076 - ERROR - Bedrock API Error Details:
{
  "Attempt": 7,
  "Error Code": "ThrottlingException",
  "Error Message": "Too many tokens, please wait before trying again.",
  "Request ID": "ba0663a2-f4bf-4713-9937-5acfcd293a30",
  "Status Code": 429
}
2024-11-18 00:23:37,076 - INFO - Retrying in 32.06 seconds... (Attempt 7/10)
2024-11-18 00:24:19,823 - ERROR - Bedrock API Error Details:
{
  "Attempt": 8,
  "Error Code": "ThrottlingException",
  "Error Message": "Too many tokens, please wait before trying again.",
  "Request ID": "26ceef62-b5b2-4c5d-9d57-2da0c6c84c3c",
  "Status Code": 429
}
2024-11-18 00:24:19,824 - INFO - Retrying in 32.09 seconds... (Attempt 8/10)
2024-11-18 00:24:59,433 - ERROR - Bedrock API Error Details:
{
  "Attempt": 9,
  "Error Code": "ThrottlingException",
  "Error Message": "Too many tokens, please wait before trying again.",
  "Request ID": "f00aae6f-931c-4c1a-8338-c59793ace369",
  "Status Code": 429
}
2024-11-18 00:24:59,434 - INFO - Retrying in 32.02 seconds... (Attempt 9/10)
2024-11-18 00:25:43,040 - ERROR - Bedrock API Error Details:
{
  "Attempt": 10,
  "Error Code": "ThrottlingException",
  "Error Message": "Too many tokens, please wait before trying again.",
  "Request ID": "7399f202-c6b9-4207-9819-401b54c12e3e",
  "Status Code": 429
}
2024-11-18 00:25:43,041 - ERROR - Final attempt failed. Giving up after 10 attempts.
2024-11-18 00:25:43,042 - ERROR - Error generating documentation for source/PL-SQL-Chess-master/src/pl_pig_chess_engine_eval.pks: Failed after 10 attempts. Last error: Too many tokens, please wait before trying again.
2024-11-18 00:25:43,042 - INFO - Generating domain_knowledge for source/PL-SQL-Chess-master/src/pl_pig_chess_engine_eval.pks
2024-11-18 00:25:51,112 - ERROR - Bedrock API Error Details:
{
  "Attempt": 1,
  "Error Code": "ThrottlingException",
  "Error Message": "Too many tokens, please wait before trying again.",
  "Request ID": "d79eb7df-b913-4b8c-90f8-9760332c0c4c",
  "Status Code": 429
}
2024-11-18 00:25:51,113 - INFO - Retrying in 1.10 seconds... (Attempt 1/10)
2024-11-18 00:26:00,854 - ERROR - Bedrock API Error Details:
{
  "Attempt": 2,
  "Error Code": "ThrottlingException",
  "Error Message": "Too many tokens, please wait before trying again.",
  "Request ID": "f10ac39c-f746-44d4-916f-716e42bf6dde",
  "Status Code": 429
}
2024-11-18 00:26:00,862 - INFO - Retrying in 2.01 seconds... (Attempt 2/10)
2024-11-18 00:26:05,612 - ERROR - Bedrock API Error Details:
{
  "Attempt": 3,
  "Error Code": "ThrottlingException",
  "Error Message": "Too many tokens, please wait before trying again.",
  "Request ID": "68a85be8-ec2a-45b3-a713-dac9a98980cc",
  "Status Code": 429
}
2024-11-18 00:26:05,613 - INFO - Retrying in 4.01 seconds... (Attempt 3/10)
2024-11-18 00:26:19,470 - ERROR - Bedrock API Error Details:
{
  "Attempt": 4,
  "Error Code": "ThrottlingException",
  "Error Message": "Too many tokens, please wait before trying again.",
  "Request ID": "57b778a5-43f5-460d-ad54-543a7e3a59a8",
  "Status Code": 429
}
2024-11-18 00:26:19,470 - INFO - Retrying in 8.05 seconds... (Attempt 4/10)
2024-11-18 00:26:33,003 - ERROR - Bedrock API Error Details:
{
  "Attempt": 5,
  "Error Code": "ThrottlingException",
  "Error Message": "Too many tokens, please wait before trying again.",
  "Request ID": "8022f61f-21fe-4290-920a-d7f603718523",
  "Status Code": 429
}
2024-11-18 00:26:33,004 - INFO - Retrying in 16.03 seconds... (Attempt 5/10)
2024-11-18 00:26:55,808 - ERROR - Bedrock API Error Details:
{
  "Attempt": 6,
  "Error Code": "ThrottlingException",
  "Error Message": "Too many tokens, please wait before trying again.",
  "Request ID": "1f17f03a-0ea3-4141-b91c-03f104ffabeb",
  "Status Code": 429
}
2024-11-18 00:26:55,808 - INFO - Retrying in 32.01 seconds... (Attempt 6/10)
2024-11-18 00:27:36,620 - ERROR - Bedrock API Error Details:
{
  "Attempt": 7,
  "Error Code": "ThrottlingException",
  "Error Message": "Too many tokens, please wait before trying again.",
  "Request ID": "312b35a5-39ee-43d0-bcef-6c35f6d89717",
  "Status Code": 429
}
2024-11-18 00:27:36,620 - INFO - Retrying in 32.07 seconds... (Attempt 7/10)
2024-11-18 00:28:18,893 - ERROR - Bedrock API Error Details:
{
  "Attempt": 8,
  "Error Code": "ThrottlingException",
  "Error Message": "Too many tokens, please wait before trying again.",
  "Request ID": "0e6b6d80-a131-46a1-8d29-4b96355d696c",
  "Status Code": 429
}
2024-11-18 00:28:18,893 - INFO - Retrying in 32.05 seconds... (Attempt 8/10)
2024-11-18 00:29:04,440 - INFO - Bedrock API call successful on attempt 9
2024-11-18 00:29:04,579 - INFO - Successfully generated domain_knowledge at target/knowledge_base/domain_knowledge/pl_pig_chess_engine_eval.md
2024-11-18 00:29:05,580 - INFO - Generating sme_conversation for source/PL-SQL-Chess-master/src/pl_pig_chess_engine_eval.pks
2024-11-18 00:29:16,121 - ERROR - Bedrock API Error Details:
{
  "Attempt": 1,
  "Error Code": "ThrottlingException",
  "Error Message": "Too many requests, please wait before trying again.",
  "Request ID": "ca739573-b259-4b15-805e-e50637e883b5",
  "Status Code": 429
}
2024-11-18 00:29:16,121 - INFO - Retrying in 1.09 seconds... (Attempt 1/10)
2024-11-18 00:29:25,300 - ERROR - Bedrock API Error Details:
{
  "Attempt": 2,
  "Error Code": "ThrottlingException",
  "Error Message": "Too many requests, please wait before trying again.",
  "Request ID": "73a42152-e9cd-46a5-9180-6aaae4d4c98f",
  "Status Code": 429
}
2024-11-18 00:29:25,301 - INFO - Retrying in 2.09 seconds... (Attempt 2/10)
2024-11-18 00:29:31,003 - ERROR - Bedrock API Error Details:
{
  "Attempt": 3,
  "Error Code": "ThrottlingException",
  "Error Message": "Too many requests, please wait before trying again.",
  "Request ID": "5649e561-5da9-40b6-8412-d4147848a2b8",
  "Status Code": 429
}
2024-11-18 00:29:31,003 - INFO - Retrying in 4.01 seconds... (Attempt 3/10)
2024-11-18 00:29:44,523 - ERROR - Bedrock API Error Details:
{
  "Attempt": 4,
  "Error Code": "ThrottlingException",
  "Error Message": "Too many requests, please wait before trying again.",
  "Request ID": "f8e9de40-eb79-4b3e-9151-842babc17af9",
  "Status Code": 429
}
2024-11-18 00:29:44,523 - INFO - Retrying in 8.06 seconds... (Attempt 4/10)
2024-11-18 00:30:10,252 - INFO - Bedrock API call successful on attempt 5
2024-11-18 00:30:10,408 - INFO - Successfully generated sme_conversation at target/knowledge_base/sme_conversation/pl_pig_chess_engine_eval.md
2024-11-18 00:30:11,412 - INFO - Completed processing PL/SQL file 4/6
2024-11-18 00:30:11,414 - INFO - Processing PL/SQL file 5/6: source/PL-SQL-Chess-master/src/pl_pig_chess_interface.pkb
2024-11-18 00:30:11,425 - INFO - Reading file source/PL-SQL-Chess-master/src/pl_pig_chess_interface.pkb with enhanced encoding handling
2024-11-18 00:30:11,595 - INFO - Attempting to decode source/PL-SQL-Chess-master/src/pl_pig_chess_interface.pkb with utf-8 encoding
2024-11-18 00:30:11,598 - INFO - Successfully decoded source/PL-SQL-Chess-master/src/pl_pig_chess_interface.pkb with utf-8 encoding
2024-11-18 00:30:11,599 - INFO - Generating documentation for source/PL-SQL-Chess-master/src/pl_pig_chess_interface.pkb
2024-11-18 00:30:19,973 - ERROR - Bedrock API Error Details:
{
  "Attempt": 1,
  "Error Code": "ThrottlingException",
  "Error Message": "Too many requests, please wait before trying again.",
  "Request ID": "cdc43eef-da3d-486b-ab41-816cd15675b1",
  "Status Code": 429
}
2024-11-18 00:30:19,974 - INFO - Retrying in 1.01 seconds... (Attempt 1/10)
2024-11-18 00:30:28,621 - ERROR - Bedrock API Error Details:
{
  "Attempt": 2,
  "Error Code": "ThrottlingException",
  "Error Message": "Too many requests, please wait before trying again.",
  "Request ID": "d23759a7-a6ec-488d-87ba-b5501d36e071",
  "Status Code": 429
}
2024-11-18 00:30:28,622 - INFO - Retrying in 2.08 seconds... (Attempt 2/10)
2024-11-18 00:30:41,042 - ERROR - Bedrock API Error Details:
{
  "Attempt": 3,
  "Error Code": "ThrottlingException",
  "Error Message": "Too many requests, please wait before trying again.",
  "Request ID": "085cc1f2-c4c6-455b-acfd-685f43f9a242",
  "Status Code": 429
}
2024-11-18 00:30:41,042 - INFO - Retrying in 4.07 seconds... (Attempt 3/10)
2024-11-18 00:31:13,192 - INFO - Bedrock API call successful on attempt 4
2024-11-18 00:31:13,335 - INFO - Successfully generated documentation at target/knowledge_base/documentation/pl_pig_chess_interface.md
2024-11-18 00:31:14,336 - INFO - Generating domain_knowledge for source/PL-SQL-Chess-master/src/pl_pig_chess_interface.pkb
2024-11-18 00:31:25,075 - ERROR - Bedrock API Error Details:
{
  "Attempt": 1,
  "Error Code": "ThrottlingException",
  "Error Message": "Too many tokens, please wait before trying again.",
  "Request ID": "e58fa6f1-4029-424e-a887-0e3bab6f25b3",
  "Status Code": 429
}
2024-11-18 00:31:25,076 - INFO - Retrying in 1.00 seconds... (Attempt 1/10)
2024-11-18 00:31:33,218 - ERROR - Bedrock API Error Details:
{
  "Attempt": 2,
  "Error Code": "ThrottlingException",
  "Error Message": "Too many tokens, please wait before trying again.",
  "Request ID": "b6f4441f-3883-4873-b41c-5b2ea9d51918",
  "Status Code": 429
}
2024-11-18 00:31:33,219 - INFO - Retrying in 2.06 seconds... (Attempt 2/10)
2024-11-18 00:31:43,560 - ERROR - Bedrock API Error Details:
{
  "Attempt": 3,
  "Error Code": "ThrottlingException",
  "Error Message": "Too many tokens, please wait before trying again.",
  "Request ID": "f67176a5-8b73-45d6-a3b8-024be2debc2b",
  "Status Code": 429
}
2024-11-18 00:31:43,560 - INFO - Retrying in 4.08 seconds... (Attempt 3/10)
2024-11-18 00:31:54,561 - ERROR - Bedrock API Error Details:
{
  "Attempt": 4,
  "Error Code": "ThrottlingException",
  "Error Message": "Too many tokens, please wait before trying again.",
  "Request ID": "da70ea4b-5751-4650-962a-2989adb0c8e0",
  "Status Code": 429
}
2024-11-18 00:31:54,561 - INFO - Retrying in 8.09 seconds... (Attempt 4/10)
2024-11-18 00:32:15,297 - ERROR - Bedrock API Error Details:
{
  "Attempt": 5,
  "Error Code": "ThrottlingException",
  "Error Message": "Too many tokens, please wait before trying again.",
  "Request ID": "bfbe68dc-3936-4420-b286-228ab7294c7e",
  "Status Code": 429
}
2024-11-18 00:32:15,298 - INFO - Retrying in 16.10 seconds... (Attempt 5/10)
2024-11-18 00:32:40,328 - ERROR - Bedrock API Error Details:
{
  "Attempt": 6,
  "Error Code": "ThrottlingException",
  "Error Message": "Too many tokens, please wait before trying again.",
  "Request ID": "c963679c-9535-4792-bbb1-6dca387cf27c",
  "Status Code": 429
}
2024-11-18 00:32:40,328 - INFO - Retrying in 32.07 seconds... (Attempt 6/10)
2024-11-18 00:33:23,983 - INFO - Bedrock API call successful on attempt 7
2024-11-18 00:33:24,129 - INFO - Successfully generated domain_knowledge at target/knowledge_base/domain_knowledge/pl_pig_chess_interface.md
2024-11-18 00:33:25,130 - INFO - Generating sme_conversation for source/PL-SQL-Chess-master/src/pl_pig_chess_interface.pkb
2024-11-18 00:33:31,792 - ERROR - Bedrock API Error Details:
{
  "Attempt": 1,
  "Error Code": "ThrottlingException",
  "Error Message": "Too many tokens, please wait before trying again.",
  "Request ID": "2dd4e30c-8a56-4239-9e02-414e75be8bac",
  "Status Code": 429
}
2024-11-18 00:33:31,793 - INFO - Retrying in 1.04 seconds... (Attempt 1/10)
2024-11-18 00:33:36,412 - ERROR - Bedrock API Error Details:
{
  "Attempt": 2,
  "Error Code": "ThrottlingException",
  "Error Message": "Too many tokens, please wait before trying again.",
  "Request ID": "c633f20d-b95b-44bf-84bb-1deb873f3ae2",
  "Status Code": 429
}
2024-11-18 00:33:36,413 - INFO - Retrying in 2.01 seconds... (Attempt 2/10)
2024-11-18 00:33:47,412 - ERROR - Bedrock API Error Details:
{
  "Attempt": 3,
  "Error Code": "ThrottlingException",
  "Error Message": "Too many tokens, please wait before trying again.",
  "Request ID": "41b9bd39-8d77-448c-94aa-44322c8a2f19",
  "Status Code": 429
}
2024-11-18 00:33:47,412 - INFO - Retrying in 4.07 seconds... (Attempt 3/10)
2024-11-18 00:33:59,348 - ERROR - Bedrock API Error Details:
{
  "Attempt": 4,
  "Error Code": "ThrottlingException",
  "Error Message": "Too many tokens, please wait before trying again.",
  "Request ID": "433ffd03-abfd-4208-8c0e-8b31b6786029",
  "Status Code": 429
}
2024-11-18 00:33:59,349 - INFO - Retrying in 8.04 seconds... (Attempt 4/10)
2024-11-18 00:34:09,487 - ERROR - Bedrock API Error Details:
{
  "Attempt": 5,
  "Error Code": "ThrottlingException",
  "Error Message": "Too many tokens, please wait before trying again.",
  "Request ID": "83a8e71c-a18d-400d-a758-48bade16b540",
  "Status Code": 429
}
2024-11-18 00:34:09,487 - INFO - Retrying in 16.04 seconds... (Attempt 5/10)
2024-11-18 00:34:35,029 - ERROR - Bedrock API Error Details:
{
  "Attempt": 6,
  "Error Code": "ThrottlingException",
  "Error Message": "Too many tokens, please wait before trying again.",
  "Request ID": "4552151c-2a1e-4f6e-a717-d27026031661",
  "Status Code": 429
}
2024-11-18 00:34:35,030 - INFO - Retrying in 32.07 seconds... (Attempt 6/10)
2024-11-18 00:35:34,663 - INFO - Bedrock API call successful on attempt 7
2024-11-18 00:35:34,772 - INFO - Successfully generated sme_conversation at target/knowledge_base/sme_conversation/pl_pig_chess_interface.md
2024-11-18 00:35:35,776 - INFO - Completed processing PL/SQL file 5/6
2024-11-18 00:35:35,777 - INFO - Processing PL/SQL file 6/6: source/PL-SQL-Chess-master/src/pl_pig_chess_interface.pks
2024-11-18 00:35:35,786 - INFO - Reading file source/PL-SQL-Chess-master/src/pl_pig_chess_interface.pks with enhanced encoding handling
2024-11-18 00:35:35,990 - INFO - Attempting to decode source/PL-SQL-Chess-master/src/pl_pig_chess_interface.pks with utf-8 encoding
2024-11-18 00:35:35,992 - INFO - Successfully decoded source/PL-SQL-Chess-master/src/pl_pig_chess_interface.pks with utf-8 encoding
2024-11-18 00:35:35,992 - INFO - Generating documentation for source/PL-SQL-Chess-master/src/pl_pig_chess_interface.pks
2024-11-18 00:35:43,001 - ERROR - Bedrock API Error Details:
{
  "Attempt": 1,
  "Error Code": "ThrottlingException",
  "Error Message": "Too many tokens, please wait before trying again.",
  "Request ID": "642e15a2-d050-4b42-842a-5ec67efe53bc",
  "Status Code": 429
}
2024-11-18 00:35:43,001 - INFO - Retrying in 1.04 seconds... (Attempt 1/10)
2024-11-18 00:35:49,113 - ERROR - Bedrock API Error Details:
{
  "Attempt": 2,
  "Error Code": "ThrottlingException",
  "Error Message": "Too many tokens, please wait before trying again.",
  "Request ID": "fb7bad23-2099-4e0b-a174-8e234d9bd833",
  "Status Code": 429
}
2024-11-18 00:35:49,114 - INFO - Retrying in 2.05 seconds... (Attempt 2/10)
2024-11-18 00:36:01,857 - ERROR - Bedrock API Error Details:
{
  "Attempt": 3,
  "Error Code": "ThrottlingException",
  "Error Message": "Too many tokens, please wait before trying again.",
  "Request ID": "755ee48d-b0d7-4159-9c5d-52240227b896",
  "Status Code": 429
}
2024-11-18 00:36:01,858 - INFO - Retrying in 4.04 seconds... (Attempt 3/10)
2024-11-18 00:36:16,078 - ERROR - Bedrock API Error Details:
{
  "Attempt": 4,
  "Error Code": "ThrottlingException",
  "Error Message": "Too many tokens, please wait before trying again.",
  "Request ID": "465eab0e-f76b-41aa-87da-2214fbb30137",
  "Status Code": 429
}
2024-11-18 00:36:16,078 - INFO - Retrying in 8.00 seconds... (Attempt 4/10)
2024-11-18 00:36:31,131 - ERROR - Bedrock API Error Details:
{
  "Attempt": 5,
  "Error Code": "ThrottlingException",
  "Error Message": "Too many tokens, please wait before trying again.",
  "Request ID": "998149b5-1802-47a9-a832-8ea261e99d69",
  "Status Code": 429
}
2024-11-18 00:36:31,133 - INFO - Retrying in 16.09 seconds... (Attempt 5/10)
2024-11-18 00:36:57,051 - ERROR - Bedrock API Error Details:
{
  "Attempt": 6,
  "Error Code": "ThrottlingException",
  "Error Message": "Too many tokens, please wait before trying again.",
  "Request ID": "ca3b7549-7a7c-414a-89bd-db6911f6dea5",
  "Status Code": 429
}
2024-11-18 00:36:57,052 - INFO - Retrying in 32.09 seconds... (Attempt 6/10)
2024-11-18 00:37:37,841 - ERROR - Bedrock API Error Details:
{
  "Attempt": 7,
  "Error Code": "ThrottlingException",
  "Error Message": "Too many tokens, please wait before trying again.",
  "Request ID": "d5415747-d476-4735-adc2-ed883a074efd",
  "Status Code": 429
}
2024-11-18 00:37:37,841 - INFO - Retrying in 32.01 seconds... (Attempt 7/10)
2024-11-18 00:38:32,064 - INFO - Bedrock API call successful on attempt 8
2024-11-18 00:38:32,176 - INFO - Successfully generated documentation at target/knowledge_base/documentation/pl_pig_chess_interface.md
2024-11-18 00:38:33,176 - INFO - Generating domain_knowledge for source/PL-SQL-Chess-master/src/pl_pig_chess_interface.pks
2024-11-18 00:38:43,282 - ERROR - Bedrock API Error Details:
{
  "Attempt": 1,
  "Error Code": "ThrottlingException",
  "Error Message": "Too many requests, please wait before trying again.",
  "Request ID": "e3448b74-b3d4-42de-8e2a-842fc41329f4",
  "Status Code": 429
}
2024-11-18 00:38:43,283 - INFO - Retrying in 1.08 seconds... (Attempt 1/10)
2024-11-18 00:38:54,107 - ERROR - Bedrock API Error Details:
{
  "Attempt": 2,
  "Error Code": "ThrottlingException",
  "Error Message": "Too many requests, please wait before trying again.",
  "Request ID": "99303cda-3f16-4625-ab7e-7b6276e66f71",
  "Status Code": 429
}
2024-11-18 00:38:54,108 - INFO - Retrying in 2.09 seconds... (Attempt 2/10)
2024-11-18 00:39:06,017 - ERROR - Bedrock API Error Details:
{
  "Attempt": 3,
  "Error Code": "ThrottlingException",
  "Error Message": "Too many requests, please wait before trying again.",
  "Request ID": "36bad1ab-a945-4a1e-af50-ff7a5eb011d1",
  "Status Code": 429
}
2024-11-18 00:39:06,018 - INFO - Retrying in 4.07 seconds... (Attempt 3/10)
2024-11-18 00:39:22,843 - INFO - Bedrock API call successful on attempt 4
2024-11-18 00:39:24,054 - INFO - Successfully generated domain_knowledge at target/knowledge_base/domain_knowledge/pl_pig_chess_interface.md
2024-11-18 00:39:25,054 - INFO - Generating sme_conversation for source/PL-SQL-Chess-master/src/pl_pig_chess_interface.pks
2024-11-18 00:39:30,288 - ERROR - Bedrock API Error Details:
{
  "Attempt": 1,
  "Error Code": "ThrottlingException",
  "Error Message": "Too many requests, please wait before trying again.",
  "Request ID": "7c77b916-2e57-4a82-bbff-07ff1c660d01",
  "Status Code": 429
}
2024-11-18 00:39:30,289 - INFO - Retrying in 1.03 seconds... (Attempt 1/10)
2024-11-18 00:39:41,272 - ERROR - Bedrock API Error Details:
{
  "Attempt": 2,
  "Error Code": "ThrottlingException",
  "Error Message": "Too many requests, please wait before trying again.",
  "Request ID": "fc51c25e-44a4-498d-b3b6-dd9fd384598e",
  "Status Code": 429
}
2024-11-18 00:39:41,273 - INFO - Retrying in 2.03 seconds... (Attempt 2/10)
2024-11-18 00:39:45,832 - ERROR - Bedrock API Error Details:
{
  "Attempt": 3,
  "Error Code": "ThrottlingException",
  "Error Message": "Too many requests, please wait before trying again.",
  "Request ID": "a377e57f-db2a-406c-8f1d-f62cd1e06b32",
  "Status Code": 429
}
2024-11-18 00:39:45,833 - INFO - Retrying in 4.03 seconds... (Attempt 3/10)
2024-11-18 00:39:56,325 - ERROR - Bedrock API Error Details:
{
  "Attempt": 4,
  "Error Code": "ThrottlingException",
  "Error Message": "Too many requests, please wait before trying again.",
  "Request ID": "6a8f268d-326c-4903-a1dd-644fb268a047",
  "Status Code": 429
}
2024-11-18 00:39:56,326 - INFO - Retrying in 8.02 seconds... (Attempt 4/10)
2024-11-18 00:40:07,702 - ERROR - Bedrock API Error Details:
{
  "Attempt": 5,
  "Error Code": "ThrottlingException",
  "Error Message": "Too many requests, please wait before trying again.",
  "Request ID": "861be1bd-834a-4be1-af3a-29ea86303e0f",
  "Status Code": 429
}
2024-11-18 00:40:07,702 - INFO - Retrying in 16.01 seconds... (Attempt 5/10)
2024-11-18 00:40:37,516 - INFO - Bedrock API call successful on attempt 6
2024-11-18 00:40:37,702 - INFO - Successfully generated sme_conversation at target/knowledge_base/sme_conversation/pl_pig_chess_interface.md
2024-11-18 00:40:38,706 - INFO - Completed processing PL/SQL file 6/6
2024-11-18 00:40:38,708 - INFO - Processing README files...
2024-11-18 00:40:38,708 - INFO - Processing README file 1/5: source/PL-SQL-Chess-master/FontSKAK/README.txt
2024-11-18 00:40:38,717 - INFO - Reading README file source/PL-SQL-Chess-master/FontSKAK/README.txt
2024-11-18 00:40:38,853 - INFO - Attempting to decode source/PL-SQL-Chess-master/FontSKAK/README.txt with utf-8 encoding
2024-11-18 00:40:38,854 - INFO - Successfully decoded source/PL-SQL-Chess-master/FontSKAK/README.txt with utf-8 encoding
2024-11-18 00:40:38,854 - INFO - Generating documentation for source/PL-SQL-Chess-master/FontSKAK/README.txt
2024-11-18 00:40:49,342 - ERROR - Bedrock API Error Details:
{
  "Attempt": 1,
  "Error Code": "ThrottlingException",
  "Error Message": "Too many requests, please wait before trying again.",
  "Request ID": "d477d79d-238a-44f0-95e5-a89af7d6a3e5",
  "Status Code": 429
}
2024-11-18 00:40:49,342 - INFO - Retrying in 1.04 seconds... (Attempt 1/10)
2024-11-18 00:40:58,833 - ERROR - Bedrock API Error Details:
{
  "Attempt": 2,
  "Error Code": "ThrottlingException",
  "Error Message": "Too many requests, please wait before trying again.",
  "Request ID": "b7e0ddf7-4c86-4130-a6eb-d04582f7b5ab",
  "Status Code": 429
}
2024-11-18 00:40:58,834 - INFO - Retrying in 2.07 seconds... (Attempt 2/10)
2024-11-18 00:41:07,899 - ERROR - Bedrock API Error Details:
{
  "Attempt": 3,
  "Error Code": "ThrottlingException",
  "Error Message": "Too many requests, please wait before trying again.",
  "Request ID": "f2e7cef7-0ca7-4360-86c0-111b66d5b7b9",
  "Status Code": 429
}
2024-11-18 00:41:07,899 - INFO - Retrying in 4.07 seconds... (Attempt 3/10)
2024-11-18 00:41:16,653 - ERROR - Bedrock API Error Details:
{
  "Attempt": 4,
  "Error Code": "ThrottlingException",
  "Error Message": "Too many requests, please wait before trying again.",
  "Request ID": "737344a5-3ae6-4833-a2d4-38e267c33a2a",
  "Status Code": 429
}
2024-11-18 00:41:16,653 - INFO - Retrying in 8.06 seconds... (Attempt 4/10)
2024-11-18 00:41:40,866 - INFO - Bedrock API call successful on attempt 5
2024-11-18 00:41:40,990 - INFO - Successfully generated documentation at target/knowledge_base/readme_documentation/README.md
2024-11-18 00:41:41,990 - INFO - Generating domain_knowledge for source/PL-SQL-Chess-master/FontSKAK/README.txt
2024-11-18 00:41:53,968 - ERROR - Bedrock API Error Details:
{
  "Attempt": 1,
  "Error Code": "ThrottlingException",
  "Error Message": "Too many requests, please wait before trying again.",
  "Request ID": "8ef6ed10-3d44-4d1d-92fd-db5b9e2d04c3",
  "Status Code": 429
}
2024-11-18 00:41:53,971 - INFO - Retrying in 1.01 seconds... (Attempt 1/10)
2024-11-18 00:42:02,965 - ERROR - Bedrock API Error Details:
{
  "Attempt": 2,
  "Error Code": "ThrottlingException",
  "Error Message": "Too many requests, please wait before trying again.",
  "Request ID": "e6a1e849-a2af-449c-aadf-f09c6ff50ca5",
  "Status Code": 429
}
2024-11-18 00:42:02,966 - INFO - Retrying in 2.06 seconds... (Attempt 2/10)
2024-11-18 00:42:12,343 - ERROR - Bedrock API Error Details:
{
  "Attempt": 3,
  "Error Code": "ThrottlingException",
  "Error Message": "Too many requests, please wait before trying again.",
  "Request ID": "395dca9d-4fec-47b8-b164-568fb45fe8a5",
  "Status Code": 429
}
2024-11-18 00:42:12,344 - INFO - Retrying in 4.06 seconds... (Attempt 3/10)
2024-11-18 00:42:23,609 - ERROR - Bedrock API Error Details:
{
  "Attempt": 4,
  "Error Code": "ThrottlingException",
  "Error Message": "Too many requests, please wait before trying again.",
  "Request ID": "1982dc94-4bf9-4604-81b4-7216d7138464",
  "Status Code": 429
}
2024-11-18 00:42:23,610 - INFO - Retrying in 8.02 seconds... (Attempt 4/10)
2024-11-18 00:42:40,948 - INFO - Bedrock API call successful on attempt 5
2024-11-18 00:42:41,073 - INFO - Successfully generated domain_knowledge at target/knowledge_base/readme_domain_knowledge/README.md
2024-11-18 00:42:42,073 - INFO - Generating sme_conversation for source/PL-SQL-Chess-master/FontSKAK/README.txt
2024-11-18 00:42:51,757 - ERROR - Bedrock API Error Details:
{
  "Attempt": 1,
  "Error Code": "ThrottlingException",
  "Error Message": "Too many requests, please wait before trying again.",
  "Request ID": "b21d283c-1f46-480e-a6a9-78f7ee2ff7e6",
  "Status Code": 429
}
2024-11-18 00:42:51,758 - INFO - Retrying in 1.09 seconds... (Attempt 1/10)
2024-11-18 00:43:04,436 - ERROR - Bedrock API Error Details:
{
  "Attempt": 2,
  "Error Code": "ThrottlingException",
  "Error Message": "Too many requests, please wait before trying again.",
  "Request ID": "ea6382da-440c-4957-bda9-b2eecdc6ea0b",
  "Status Code": 429
}
2024-11-18 00:43:04,437 - INFO - Retrying in 2.05 seconds... (Attempt 2/10)
2024-11-18 00:43:15,274 - ERROR - Bedrock API Error Details:
{
  "Attempt": 3,
  "Error Code": "ThrottlingException",
  "Error Message": "Too many requests, please wait before trying again.",
  "Request ID": "29a9e9e1-f3b4-4c00-a512-4acdf3bab4b1",
  "Status Code": 429
}
2024-11-18 00:43:15,275 - INFO - Retrying in 4.06 seconds... (Attempt 3/10)
2024-11-18 00:43:25,646 - ERROR - Bedrock API Error Details:
{
  "Attempt": 4,
  "Error Code": "ThrottlingException",
  "Error Message": "Too many requests, please wait before trying again.",
  "Request ID": "d69e8ca6-e112-4895-95f6-64849c7a8717",
  "Status Code": 429
}
2024-11-18 00:43:25,646 - INFO - Retrying in 8.07 seconds... (Attempt 4/10)
2024-11-18 00:43:46,038 - INFO - Bedrock API call successful on attempt 5
2024-11-18 00:43:46,156 - INFO - Successfully generated sme_conversation at target/knowledge_base/readme_sme_conversation/README.md
2024-11-18 00:43:47,160 - INFO - Completed processing README file 1/5
2024-11-18 00:43:47,160 - INFO - Processing README file 2/5: source/PL-SQL-Chess-master/README.md
2024-11-18 00:43:47,176 - INFO - Reading README file source/PL-SQL-Chess-master/README.md
2024-11-18 00:43:47,304 - INFO - Attempting to decode source/PL-SQL-Chess-master/README.md with utf-8 encoding
2024-11-18 00:43:47,309 - INFO - Successfully decoded source/PL-SQL-Chess-master/README.md with utf-8 encoding
2024-11-18 00:43:47,310 - INFO - Generating documentation for source/PL-SQL-Chess-master/README.md
2024-11-18 00:43:56,519 - ERROR - Bedrock API Error Details:
{
  "Attempt": 1,
  "Error Code": "ThrottlingException",
  "Error Message": "Too many requests, please wait before trying again.",
  "Request ID": "e08b25c9-18f3-4596-a40f-dd27c38ec46c",
  "Status Code": 429
}
2024-11-18 00:43:56,519 - INFO - Retrying in 1.01 seconds... (Attempt 1/10)
2024-11-18 00:44:09,515 - ERROR - Bedrock API Error Details:
{
  "Attempt": 2,
  "Error Code": "ThrottlingException",
  "Error Message": "Too many requests, please wait before trying again.",
  "Request ID": "283f686f-7bea-4a0e-b5c0-953962151a35",
  "Status Code": 429
}
2024-11-18 00:44:09,516 - INFO - Retrying in 2.08 seconds... (Attempt 2/10)
2024-11-18 00:44:18,015 - ERROR - Bedrock API Error Details:
{
  "Attempt": 3,
  "Error Code": "ThrottlingException",
  "Error Message": "Too many requests, please wait before trying again.",
  "Request ID": "5842283e-1d8e-4855-85a5-ec3441ca527d",
  "Status Code": 429
}
2024-11-18 00:44:18,016 - INFO - Retrying in 4.09 seconds... (Attempt 3/10)
2024-11-18 00:44:28,980 - ERROR - Bedrock API Error Details:
{
  "Attempt": 4,
  "Error Code": "ThrottlingException",
  "Error Message": "Too many requests, please wait before trying again.",
  "Request ID": "e56cce87-f3f3-46a7-8738-29ec2778c360",
  "Status Code": 429
}
2024-11-18 00:44:28,981 - INFO - Retrying in 8.04 seconds... (Attempt 4/10)
2024-11-18 00:44:52,051 - INFO - Bedrock API call successful on attempt 5
2024-11-18 00:44:52,188 - INFO - Successfully generated documentation at target/knowledge_base/readme_documentation/README.md
2024-11-18 00:44:53,189 - INFO - Generating domain_knowledge for source/PL-SQL-Chess-master/README.md
2024-11-18 00:45:04,836 - ERROR - Bedrock API Error Details:
{
  "Attempt": 1,
  "Error Code": "ThrottlingException",
  "Error Message": "Too many requests, please wait before trying again.",
  "Request ID": "09777e4b-f6af-409b-957e-94491f9ae326",
  "Status Code": 429
}
2024-11-18 00:45:04,837 - INFO - Retrying in 1.05 seconds... (Attempt 1/10)
2024-11-18 00:45:12,339 - ERROR - Bedrock API Error Details:
{
  "Attempt": 2,
  "Error Code": "ThrottlingException",
  "Error Message": "Too many requests, please wait before trying again.",
  "Request ID": "3b9e44a3-f3ea-44f5-9dd9-2e0c0e726211",
  "Status Code": 429
}
2024-11-18 00:45:12,339 - INFO - Retrying in 2.06 seconds... (Attempt 2/10)
2024-11-18 00:45:26,971 - ERROR - Bedrock API Error Details:
{
  "Attempt": 3,
  "Error Code": "ThrottlingException",
  "Error Message": "Too many requests, please wait before trying again.",
  "Request ID": "595f162a-b395-4295-a541-a524ca7ea870",
  "Status Code": 429
}
2024-11-18 00:45:26,971 - INFO - Retrying in 4.09 seconds... (Attempt 3/10)
2024-11-18 00:45:37,007 - ERROR - Bedrock API Error Details:
{
  "Attempt": 4,
  "Error Code": "ThrottlingException",
  "Error Message": "Too many requests, please wait before trying again.",
  "Request ID": "78d518d0-cf71-4a43-8e8c-1ad0dfb733c0",
  "Status Code": 429
}
2024-11-18 00:45:37,007 - INFO - Retrying in 8.03 seconds... (Attempt 4/10)
2024-11-18 00:45:54,253 - INFO - Bedrock API call successful on attempt 5
2024-11-18 00:45:54,401 - INFO - Successfully generated domain_knowledge at target/knowledge_base/readme_domain_knowledge/README.md
2024-11-18 00:45:55,402 - INFO - Generating sme_conversation for source/PL-SQL-Chess-master/README.md
2024-11-18 00:46:02,535 - ERROR - Bedrock API Error Details:
{
  "Attempt": 1,
  "Error Code": "ThrottlingException",
  "Error Message": "Too many requests, please wait before trying again.",
  "Request ID": "0860577a-217d-436c-8f67-b5d2bddfdbba",
  "Status Code": 429
}
2024-11-18 00:46:02,535 - INFO - Retrying in 1.10 seconds... (Attempt 1/10)
2024-11-18 00:46:14,689 - ERROR - Bedrock API Error Details:
{
  "Attempt": 2,
  "Error Code": "ThrottlingException",
  "Error Message": "Too many requests, please wait before trying again.",
  "Request ID": "ff8880e6-a671-45ee-8673-bb9afbb5bd5a",
  "Status Code": 429
}
2024-11-18 00:46:14,689 - INFO - Retrying in 2.09 seconds... (Attempt 2/10)
2024-11-18 00:46:21,384 - ERROR - Bedrock API Error Details:
{
  "Attempt": 3,
  "Error Code": "ThrottlingException",
  "Error Message": "Too many requests, please wait before trying again.",
  "Request ID": "d6cc32a8-734f-48f6-802c-add222ae9f1c",
  "Status Code": 429
}
2024-11-18 00:46:21,384 - INFO - Retrying in 4.07 seconds... (Attempt 3/10)
2024-11-18 00:46:31,992 - ERROR - Bedrock API Error Details:
{
  "Attempt": 4,
  "Error Code": "ThrottlingException",
  "Error Message": "Too many requests, please wait before trying again.",
  "Request ID": "2b0faea6-60fe-4cad-9969-67922f050b59",
  "Status Code": 429
}
2024-11-18 00:46:31,993 - INFO - Retrying in 8.06 seconds... (Attempt 4/10)
2024-11-18 00:46:57,171 - INFO - Bedrock API call successful on attempt 5
2024-11-18 00:46:57,347 - INFO - Successfully generated sme_conversation at target/knowledge_base/readme_sme_conversation/README.md
2024-11-18 00:46:58,351 - INFO - Completed processing README file 2/5
2024-11-18 00:46:58,354 - INFO - Processing README file 3/5: source/PL-SQL-Chess-master/img/png6464-Std/Mouths/README.txt
2024-11-18 00:46:58,375 - INFO - Reading README file source/PL-SQL-Chess-master/img/png6464-Std/Mouths/README.txt
2024-11-18 00:46:58,482 - INFO - Attempting to decode source/PL-SQL-Chess-master/img/png6464-Std/Mouths/README.txt with utf-8 encoding
2024-11-18 00:46:58,483 - INFO - Successfully decoded source/PL-SQL-Chess-master/img/png6464-Std/Mouths/README.txt with utf-8 encoding
2024-11-18 00:46:58,483 - INFO - Generating documentation for source/PL-SQL-Chess-master/img/png6464-Std/Mouths/README.txt
2024-11-18 00:47:02,104 - ERROR - Bedrock API Error Details:
{
  "Attempt": 1,
  "Error Code": "ThrottlingException",
  "Error Message": "Too many requests, please wait before trying again.",
  "Request ID": "c553f972-9214-4644-bec7-142a916db2d9",
  "Status Code": 429
}
2024-11-18 00:47:02,105 - INFO - Retrying in 1.07 seconds... (Attempt 1/10)
2024-11-18 00:47:13,861 - ERROR - Bedrock API Error Details:
{
  "Attempt": 2,
  "Error Code": "ThrottlingException",
  "Error Message": "Too many requests, please wait before trying again.",
  "Request ID": "6623bbf1-320a-4635-aa1a-641aafef3a9e",
  "Status Code": 429
}
2024-11-18 00:47:13,862 - INFO - Retrying in 2.00 seconds... (Attempt 2/10)
2024-11-18 00:47:28,596 - ERROR - Bedrock API Error Details:
{
  "Attempt": 3,
  "Error Code": "ThrottlingException",
  "Error Message": "Too many requests, please wait before trying again.",
  "Request ID": "99b63646-7987-46d5-88d7-3e49ec8ae59c",
  "Status Code": 429
}
2024-11-18 00:47:28,597 - INFO - Retrying in 4.04 seconds... (Attempt 3/10)
2024-11-18 00:47:38,499 - ERROR - Bedrock API Error Details:
{
  "Attempt": 4,
  "Error Code": "ThrottlingException",
  "Error Message": "Too many requests, please wait before trying again.",
  "Request ID": "20e66857-f0f4-4ff2-a0b9-20c765d614e2",
  "Status Code": 429
}
2024-11-18 00:47:38,500 - INFO - Retrying in 8.08 seconds... (Attempt 4/10)
2024-11-18 00:48:02,274 - INFO - Bedrock API call successful on attempt 5
2024-11-18 00:48:02,402 - INFO - Successfully generated documentation at target/knowledge_base/readme_documentation/README.md
2024-11-18 00:48:03,403 - INFO - Generating domain_knowledge for source/PL-SQL-Chess-master/img/png6464-Std/Mouths/README.txt
2024-11-18 00:48:12,416 - ERROR - Bedrock API Error Details:
{
  "Attempt": 1,
  "Error Code": "ThrottlingException",
  "Error Message": "Too many requests, please wait before trying again.",
  "Request ID": "240ba9e6-9d3b-4355-a0ae-b7a6d4d905d1",
  "Status Code": 429
}
2024-11-18 00:48:12,417 - INFO - Retrying in 1.01 seconds... (Attempt 1/10)
2024-11-18 00:48:18,492 - ERROR - Bedrock API Error Details:
{
  "Attempt": 2,
  "Error Code": "ThrottlingException",
  "Error Message": "Too many requests, please wait before trying again.",
  "Request ID": "662d7533-d753-43b9-8fc9-55e5596d90e9",
  "Status Code": 429
}
2024-11-18 00:48:18,492 - INFO - Retrying in 2.00 seconds... (Attempt 2/10)
2024-11-18 00:48:29,706 - ERROR - Bedrock API Error Details:
{
  "Attempt": 3,
  "Error Code": "ThrottlingException",
  "Error Message": "Too many requests, please wait before trying again.",
  "Request ID": "cd5c58a6-3a05-41ee-a58a-8b2c9eb77315",
  "Status Code": 429
}
2024-11-18 00:48:29,706 - INFO - Retrying in 4.08 seconds... (Attempt 3/10)
2024-11-18 00:48:36,727 - ERROR - Bedrock API Error Details:
{
  "Attempt": 4,
  "Error Code": "ThrottlingException",
  "Error Message": "Too many requests, please wait before trying again.",
  "Request ID": "67ffa1c5-6722-4020-b8d7-bae84bdd10ca",
  "Status Code": 429
}
2024-11-18 00:48:36,727 - INFO - Retrying in 8.01 seconds... (Attempt 4/10)
2024-11-18 00:48:56,075 - INFO - Bedrock API call successful on attempt 5
2024-11-18 00:48:56,232 - INFO - Successfully generated domain_knowledge at target/knowledge_base/readme_domain_knowledge/README.md
2024-11-18 00:48:57,233 - INFO - Generating sme_conversation for source/PL-SQL-Chess-master/img/png6464-Std/Mouths/README.txt
2024-11-18 00:49:08,916 - ERROR - Bedrock API Error Details:
{
  "Attempt": 1,
  "Error Code": "ThrottlingException",
  "Error Message": "Too many requests, please wait before trying again.",
  "Request ID": "0975637f-6247-4b26-97c2-9ca7947c874d",
  "Status Code": 429
}
2024-11-18 00:49:08,917 - INFO - Retrying in 1.03 seconds... (Attempt 1/10)
2024-11-18 00:49:17,386 - ERROR - Bedrock API Error Details:
{
  "Attempt": 2,
  "Error Code": "ThrottlingException",
  "Error Message": "Too many requests, please wait before trying again.",
  "Request ID": "93b6d697-a342-4ac4-85cb-c5aad020af73",
  "Status Code": 429
}
2024-11-18 00:49:17,386 - INFO - Retrying in 2.03 seconds... (Attempt 2/10)
2024-11-18 00:49:23,263 - ERROR - Bedrock API Error Details:
{
  "Attempt": 3,
  "Error Code": "ThrottlingException",
  "Error Message": "Too many requests, please wait before trying again.",
  "Request ID": "fd7f253c-3de6-4515-bb14-47cce0fca44e",
  "Status Code": 429
}
2024-11-18 00:49:23,263 - INFO - Retrying in 4.07 seconds... (Attempt 3/10)
2024-11-18 00:49:35,346 - ERROR - Bedrock API Error Details:
{
  "Attempt": 4,
  "Error Code": "ThrottlingException",
  "Error Message": "Too many requests, please wait before trying again.",
  "Request ID": "aa579c5b-d77b-4327-a97c-cdcbf5994b3a",
  "Status Code": 429
}
2024-11-18 00:49:35,346 - INFO - Retrying in 8.03 seconds... (Attempt 4/10)
2024-11-18 00:49:48,912 - ERROR - Bedrock API Error Details:
{
  "Attempt": 5,
  "Error Code": "ThrottlingException",
  "Error Message": "Too many requests, please wait before trying again.",
  "Request ID": "554c4996-714a-4731-ab1f-5b7cfe0d1b8b",
  "Status Code": 429
}
2024-11-18 00:49:48,913 - INFO - Retrying in 16.09 seconds... (Attempt 5/10)
2024-11-18 00:50:15,816 - INFO - Bedrock API call successful on attempt 6
2024-11-18 00:50:15,973 - INFO - Successfully generated sme_conversation at target/knowledge_base/readme_sme_conversation/README.md
2024-11-18 00:50:16,977 - INFO - Completed processing README file 3/5
2024-11-18 00:50:16,977 - INFO - Processing README file 4/5: source/PL-SQL-Chess-master/img/png6464-Std/README.txt
2024-11-18 00:50:16,985 - INFO - Reading README file source/PL-SQL-Chess-master/img/png6464-Std/README.txt
2024-11-18 00:50:17,147 - INFO - Attempting to decode source/PL-SQL-Chess-master/img/png6464-Std/README.txt with utf-8 encoding
2024-11-18 00:50:17,148 - INFO - Successfully decoded source/PL-SQL-Chess-master/img/png6464-Std/README.txt with utf-8 encoding
2024-11-18 00:50:17,148 - INFO - Generating documentation for source/PL-SQL-Chess-master/img/png6464-Std/README.txt
2024-11-18 00:50:22,519 - ERROR - Bedrock API Error Details:
{
  "Attempt": 1,
  "Error Code": "ThrottlingException",
  "Error Message": "Too many requests, please wait before trying again.",
  "Request ID": "6592cbf0-56e8-4bb3-828d-a303e7de46af",
  "Status Code": 429
}
2024-11-18 00:50:22,520 - INFO - Retrying in 1.08 seconds... (Attempt 1/10)
2024-11-18 00:50:32,030 - ERROR - Bedrock API Error Details:
{
  "Attempt": 2,
  "Error Code": "ThrottlingException",
  "Error Message": "Too many requests, please wait before trying again.",
  "Request ID": "16ad9956-16a9-4484-9c3c-d35cea95831d",
  "Status Code": 429
}
2024-11-18 00:50:32,031 - INFO - Retrying in 2.07 seconds... (Attempt 2/10)
2024-11-18 00:50:38,620 - ERROR - Bedrock API Error Details:
{
  "Attempt": 3,
  "Error Code": "ThrottlingException",
  "Error Message": "Too many requests, please wait before trying again.",
  "Request ID": "b794a19e-e0b6-4de0-ad48-2d75f355627c",
  "Status Code": 429
}
2024-11-18 00:50:38,620 - INFO - Retrying in 4.07 seconds... (Attempt 3/10)
2024-11-18 00:50:48,158 - ERROR - Bedrock API Error Details:
{
  "Attempt": 4,
  "Error Code": "ThrottlingException",
  "Error Message": "Too many requests, please wait before trying again.",
  "Request ID": "9584441f-6887-4eb1-babd-9fd4987cab27",
  "Status Code": 429
}
2024-11-18 00:50:48,159 - INFO - Retrying in 8.09 seconds... (Attempt 4/10)
2024-11-18 00:51:00,504 - ERROR - Bedrock API Error Details:
{
  "Attempt": 5,
  "Error Code": "ThrottlingException",
  "Error Message": "Too many requests, please wait before trying again.",
  "Request ID": "0608c909-dab3-4946-b613-7128afe8d200",
  "Status Code": 429
}
2024-11-18 00:51:00,507 - INFO - Retrying in 16.05 seconds... (Attempt 5/10)
2024-11-18 00:51:30,253 - INFO - Bedrock API call successful on attempt 6
2024-11-18 00:51:30,351 - INFO - Successfully generated documentation at target/knowledge_base/readme_documentation/README.md
2024-11-18 00:51:31,352 - INFO - Generating domain_knowledge for source/PL-SQL-Chess-master/img/png6464-Std/README.txt
2024-11-18 00:51:39,847 - ERROR - Bedrock API Error Details:
{
  "Attempt": 1,
  "Error Code": "ThrottlingException",
  "Error Message": "Too many requests, please wait before trying again.",
  "Request ID": "fc5daade-9f35-4701-bd61-dfdc2cbe9c62",
  "Status Code": 429
}
2024-11-18 00:51:39,848 - INFO - Retrying in 1.10 seconds... (Attempt 1/10)
2024-11-18 00:51:43,617 - ERROR - Bedrock API Error Details:
{
  "Attempt": 2,
  "Error Code": "ThrottlingException",
  "Error Message": "Too many requests, please wait before trying again.",
  "Request ID": "4d5f0a92-bb8a-4cac-ad2d-5baa0b3e76f1",
  "Status Code": 429
}
2024-11-18 00:51:43,617 - INFO - Retrying in 2.04 seconds... (Attempt 2/10)
2024-11-18 00:51:56,675 - ERROR - Bedrock API Error Details:
{
  "Attempt": 3,
  "Error Code": "ThrottlingException",
  "Error Message": "Too many requests, please wait before trying again.",
  "Request ID": "2e46b820-adcb-440a-ba63-9d7b62542154",
  "Status Code": 429
}
2024-11-18 00:51:56,675 - INFO - Retrying in 4.03 seconds... (Attempt 3/10)
2024-11-18 00:52:11,332 - ERROR - Bedrock API Error Details:
{
  "Attempt": 4,
  "Error Code": "ThrottlingException",
  "Error Message": "Too many requests, please wait before trying again.",
  "Request ID": "b1423400-b0a5-477a-8e80-7503300740cd",
  "Status Code": 429
}
2024-11-18 00:52:11,335 - INFO - Retrying in 8.02 seconds... (Attempt 4/10)
2024-11-18 00:52:25,844 - INFO - Bedrock API call successful on attempt 5
2024-11-18 00:52:26,023 - INFO - Successfully generated domain_knowledge at target/knowledge_base/readme_domain_knowledge/README.md
2024-11-18 00:52:27,023 - INFO - Generating sme_conversation for source/PL-SQL-Chess-master/img/png6464-Std/README.txt
2024-11-18 00:52:30,638 - ERROR - Bedrock API Error Details:
{
  "Attempt": 1,
  "Error Code": "ThrottlingException",
  "Error Message": "Too many requests, please wait before trying again.",
  "Request ID": "6fbea8e6-135d-489d-bed7-a9db9367e285",
  "Status Code": 429
}
2024-11-18 00:52:30,638 - INFO - Retrying in 1.08 seconds... (Attempt 1/10)
2024-11-18 00:52:40,801 - ERROR - Bedrock API Error Details:
{
  "Attempt": 2,
  "Error Code": "ThrottlingException",
  "Error Message": "Too many requests, please wait before trying again.",
  "Request ID": "1fac6e21-94b1-45b8-b50e-1a39ffd4c556",
  "Status Code": 429
}
2024-11-18 00:52:40,801 - INFO - Retrying in 2.09 seconds... (Attempt 2/10)
2024-11-18 00:52:52,260 - ERROR - Bedrock API Error Details:
{
  "Attempt": 3,
  "Error Code": "ThrottlingException",
  "Error Message": "Too many requests, please wait before trying again.",
  "Request ID": "8812cb26-09d6-47ce-8462-e3e8b0c9aa9f",
  "Status Code": 429
}
2024-11-18 00:52:52,261 - INFO - Retrying in 4.08 seconds... (Attempt 3/10)
2024-11-18 00:53:00,081 - ERROR - Bedrock API Error Details:
{
  "Attempt": 4,
  "Error Code": "ThrottlingException",
  "Error Message": "Too many requests, please wait before trying again.",
  "Request ID": "72bc33d5-bad5-452a-b11e-e698d8a26ae3",
  "Status Code": 429
}
2024-11-18 00:53:00,082 - INFO - Retrying in 8.09 seconds... (Attempt 4/10)
2024-11-18 00:53:15,758 - ERROR - Bedrock API Error Details:
{
  "Attempt": 5,
  "Error Code": "ThrottlingException",
  "Error Message": "Too many requests, please wait before trying again.",
  "Request ID": "8fb00eea-1ab6-48c0-a89e-9b9b77f7588a",
  "Status Code": 429
}
2024-11-18 00:53:15,758 - INFO - Retrying in 16.04 seconds... (Attempt 5/10)
2024-11-18 00:53:43,514 - INFO - Bedrock API call successful on attempt 6
2024-11-18 00:53:43,635 - INFO - Successfully generated sme_conversation at target/knowledge_base/readme_sme_conversation/README.md
2024-11-18 00:53:44,639 - INFO - Completed processing README file 4/5
2024-11-18 00:53:44,641 - INFO - Processing README file 5/5: source/PL-SQL-Chess-master/img/png9696-Skak/README.txt
2024-11-18 00:53:44,653 - INFO - Reading README file source/PL-SQL-Chess-master/img/png9696-Skak/README.txt
2024-11-18 00:53:44,831 - INFO - Attempting to decode source/PL-SQL-Chess-master/img/png9696-Skak/README.txt with utf-8 encoding
2024-11-18 00:53:44,832 - INFO - Successfully decoded source/PL-SQL-Chess-master/img/png9696-Skak/README.txt with utf-8 encoding
2024-11-18 00:53:44,833 - INFO - Generating documentation for source/PL-SQL-Chess-master/img/png9696-Skak/README.txt
2024-11-18 00:53:49,749 - ERROR - Bedrock API Error Details:
{
  "Attempt": 1,
  "Error Code": "ThrottlingException",
  "Error Message": "Too many requests, please wait before trying again.",
  "Request ID": "eecf812b-749f-4319-a429-4af78db3d8d3",
  "Status Code": 429
}
2024-11-18 00:53:49,750 - INFO - Retrying in 1.05 seconds... (Attempt 1/10)
2024-11-18 00:53:51,975 - ERROR - Bedrock API Error Details:
{
  "Attempt": 2,
  "Error Code": "ThrottlingException",
  "Error Message": "Too many requests, please wait before trying again.",
  "Request ID": "ae979e2b-666c-42f7-9787-be2c67c97ca1",
  "Status Code": 429
}
2024-11-18 00:53:51,976 - INFO - Retrying in 2.09 seconds... (Attempt 2/10)
2024-11-18 00:54:00,791 - ERROR - Bedrock API Error Details:
{
  "Attempt": 3,
  "Error Code": "ThrottlingException",
  "Error Message": "Too many requests, please wait before trying again.",
  "Request ID": "34338bfd-77ee-4544-8b3b-5b3cac201c59",
  "Status Code": 429
}
2024-11-18 00:54:00,792 - INFO - Retrying in 4.04 seconds... (Attempt 3/10)
2024-11-18 00:54:15,448 - ERROR - Bedrock API Error Details:
{
  "Attempt": 4,
  "Error Code": "ThrottlingException",
  "Error Message": "Too many requests, please wait before trying again.",
  "Request ID": "2cec6378-36e8-48e1-b6bb-a9b881fbff27",
  "Status Code": 429
}
2024-11-18 00:54:15,448 - INFO - Retrying in 8.10 seconds... (Attempt 4/10)
2024-11-18 00:54:46,401 - INFO - Bedrock API call successful on attempt 5
2024-11-18 00:54:46,547 - INFO - Successfully generated documentation at target/knowledge_base/readme_documentation/README.md
2024-11-18 00:54:47,548 - INFO - Generating domain_knowledge for source/PL-SQL-Chess-master/img/png9696-Skak/README.txt
2024-11-18 00:54:55,590 - ERROR - Bedrock API Error Details:
{
  "Attempt": 1,
  "Error Code": "ThrottlingException",
  "Error Message": "Too many requests, please wait before trying again.",
  "Request ID": "38b6d5fe-1195-4e70-b093-c32116d5390d",
  "Status Code": 429
}
2024-11-18 00:54:55,590 - INFO - Retrying in 1.03 seconds... (Attempt 1/10)
2024-11-18 00:55:03,623 - ERROR - Bedrock API Error Details:
{
  "Attempt": 2,
  "Error Code": "ThrottlingException",
  "Error Message": "Too many requests, please wait before trying again.",
  "Request ID": "7e4f720c-985c-41b3-9a63-c88c844af8fe",
  "Status Code": 429
}
2024-11-18 00:55:03,623 - INFO - Retrying in 2.09 seconds... (Attempt 2/10)
2024-11-18 00:55:10,212 - ERROR - Bedrock API Error Details:
{
  "Attempt": 3,
  "Error Code": "ThrottlingException",
  "Error Message": "Too many requests, please wait before trying again.",
  "Request ID": "bd82e2c1-2f74-444c-9da1-cdefb2be84ff",
  "Status Code": 429
}
2024-11-18 00:55:10,213 - INFO - Retrying in 4.04 seconds... (Attempt 3/10)
2024-11-18 00:55:22,464 - ERROR - Bedrock API Error Details:
{
  "Attempt": 4,
  "Error Code": "ThrottlingException",
  "Error Message": "Too many requests, please wait before trying again.",
  "Request ID": "a32c3606-46a1-4cfa-a575-7ab899a12327",
  "Status Code": 429
}
2024-11-18 00:55:22,466 - INFO - Retrying in 8.06 seconds... (Attempt 4/10)
2024-11-18 00:55:42,007 - INFO - Bedrock API call successful on attempt 5
2024-11-18 00:55:42,148 - INFO - Successfully generated domain_knowledge at target/knowledge_base/readme_domain_knowledge/README.md
2024-11-18 00:55:43,149 - INFO - Generating sme_conversation for source/PL-SQL-Chess-master/img/png9696-Skak/README.txt
2024-11-18 00:55:48,230 - ERROR - Bedrock API Error Details:
{
  "Attempt": 1,
  "Error Code": "ThrottlingException",
  "Error Message": "Too many requests, please wait before trying again.",
  "Request ID": "df8506d7-630f-472c-929b-dabb32023d70",
  "Status Code": 429
}
2024-11-18 00:55:48,231 - INFO - Retrying in 1.06 seconds... (Attempt 1/10)
2024-11-18 00:55:54,363 - ERROR - Bedrock API Error Details:
{
  "Attempt": 2,
  "Error Code": "ThrottlingException",
  "Error Message": "Too many requests, please wait before trying again.",
  "Request ID": "81d7c8c4-bbf1-4538-99be-53f82daa2118",
  "Status Code": 429
}
2024-11-18 00:55:54,363 - INFO - Retrying in 2.03 seconds... (Attempt 2/10)
2024-11-18 00:56:00,521 - ERROR - Bedrock API Error Details:
{
  "Attempt": 3,
  "Error Code": "ThrottlingException",
  "Error Message": "Too many requests, please wait before trying again.",
  "Request ID": "5a4f8c90-079f-4370-84ae-07d495bc34bd",
  "Status Code": 429
}
2024-11-18 00:56:00,522 - INFO - Retrying in 4.06 seconds... (Attempt 3/10)
2024-11-18 00:56:13,880 - ERROR - Bedrock API Error Details:
{
  "Attempt": 4,
  "Error Code": "ThrottlingException",
  "Error Message": "Too many requests, please wait before trying again.",
  "Request ID": "7120d687-6b52-48d7-96c8-18afe16ceddd",
  "Status Code": 429
}
2024-11-18 00:56:13,881 - INFO - Retrying in 8.07 seconds... (Attempt 4/10)
2024-11-18 00:56:27,396 - ERROR - Bedrock API Error Details:
{
  "Attempt": 5,
  "Error Code": "ThrottlingException",
  "Error Message": "Too many requests, please wait before trying again.",
  "Request ID": "3fd294a6-f170-481a-99ff-b65583d37dad",
  "Status Code": 429
}
2024-11-18 00:56:27,396 - INFO - Retrying in 16.04 seconds... (Attempt 5/10)
2024-11-18 00:56:57,606 - INFO - Bedrock API call successful on attempt 6
2024-11-18 00:56:57,692 - INFO - Successfully generated sme_conversation at target/knowledge_base/readme_sme_conversation/README.md
2024-11-18 00:56:58,695 - INFO - Completed processing README file 5/5
2024-11-18 00:56:58,696 - INFO - Knowledge base generation completed
