2024-11-19 03:48:37,532 - INFO - Starting batch requirements generation process for target/src
2024-11-19 03:48:37,770 - INFO - Found 3 Python files to process
2024-11-19 03:48:37,771 - INFO - Processing file 1/3: target/src/pl_pig_chess_engine.py
2024-11-19 03:48:37,772 - INFO - Processing file: target/src/pl_pig_chess_engine.py
2024-11-19 03:48:37,867 - INFO - Successfully read file from S3. Status: 200
2024-11-19 03:48:37,869 - INFO - Generating requirements documentation...
2024-11-19 03:49:33,519 - INFO - Bedrock API call successful on attempt 1. Status Code: 200
2024-11-19 03:49:33,520 - INFO - Response Headers: {
  "RequestId": "d92c1c3f-72dd-4090-9115-ffc66e499222",
  "HTTPStatusCode": 200,
  "HTTPHeaders": {
    "date": "Tue, 19 Nov 2024 03:49:33 GMT",
    "content-type": "application/json",
    "content-length": "10574",
    "connection": "keep-alive",
    "x-amzn-requestid": "d92c1c3f-72dd-4090-9115-ffc66e499222",
    "x-amzn-bedrock-invocation-latency": "55601",
    "x-amzn-bedrock-output-token-count": "2446",
    "x-amzn-bedrock-input-token-count": "1716"
  },
  "RetryAttempts": 0
}
2024-11-19 03:49:33,712 - INFO - Successfully wrote to S3. Status: 200
2024-11-19 03:49:33,716 - INFO - Requirements generated successfully for target/src/pl_pig_chess_engine.py
2024-11-19 03:49:33,717 - INFO - Completed processing file 1/3
2024-11-19 03:49:33,718 - INFO - Processing file 2/3: target/src/pl_pig_chess_engine_eval.py
2024-11-19 03:49:33,719 - INFO - Processing file: target/src/pl_pig_chess_engine_eval.py
2024-11-19 03:49:33,825 - INFO - Successfully read file from S3. Status: 200
2024-11-19 03:49:33,829 - INFO - Generating requirements documentation...
2024-11-19 03:50:07,113 - INFO - Bedrock API call successful on attempt 1. Status Code: 200
2024-11-19 03:50:07,114 - INFO - Response Headers: {
  "RequestId": "a886f1cf-d6ea-4f6f-9627-a09ff45558be",
  "HTTPStatusCode": 200,
  "HTTPHeaders": {
    "date": "Tue, 19 Nov 2024 03:50:07 GMT",
    "content-type": "application/json",
    "content-length": "6146",
    "connection": "keep-alive",
    "x-amzn-requestid": "a886f1cf-d6ea-4f6f-9627-a09ff45558be",
    "x-amzn-bedrock-invocation-latency": "29173",
    "x-amzn-bedrock-output-token-count": "1282",
    "x-amzn-bedrock-input-token-count": "1285"
  },
  "RetryAttempts": 4
}
2024-11-19 03:50:07,272 - INFO - Successfully wrote to S3. Status: 200
2024-11-19 03:50:07,274 - INFO - Requirements generated successfully for target/src/pl_pig_chess_engine_eval.py
2024-11-19 03:50:07,275 - INFO - Completed processing file 2/3
2024-11-19 03:50:07,275 - INFO - Processing file 3/3: target/src/pl_pig_chess_interface.py
2024-11-19 03:50:07,276 - INFO - Processing file: target/src/pl_pig_chess_interface.py
2024-11-19 03:50:07,407 - INFO - Successfully read file from S3. Status: 200
2024-11-19 03:50:07,410 - INFO - Generating requirements documentation...
2024-11-19 03:50:14,898 - WARNING - 
                Bedrock API Error (Attempt 1/10):
                Status Code: 429
                Error Code: ThrottlingException
                Error Message: Too many requests, please wait before trying again.
            
2024-11-19 03:50:14,899 - INFO - Retrying in 1.09 seconds...
2024-11-19 03:50:23,470 - WARNING - 
                Bedrock API Error (Attempt 2/10):
                Status Code: 429
                Error Code: ThrottlingException
                Error Message: Too many requests, please wait before trying again.
            
2024-11-19 03:50:23,470 - INFO - Retrying in 2.05 seconds...
2024-11-19 03:50:28,249 - WARNING - 
                Bedrock API Error (Attempt 3/10):
                Status Code: 429
                Error Code: ThrottlingException
                Error Message: Too many requests, please wait before trying again.
            
2024-11-19 03:50:28,250 - INFO - Retrying in 4.02 seconds...
2024-11-19 03:51:23,178 - INFO - Bedrock API call successful on attempt 4. Status Code: 200
2024-11-19 03:51:23,180 - INFO - Response Headers: {
  "RequestId": "38fddd28-c5e8-4af2-a100-a6cd6ad9f87e",
  "HTTPStatusCode": 200,
  "HTTPHeaders": {
    "date": "Tue, 19 Nov 2024 03:51:23 GMT",
    "content-type": "application/json",
    "content-length": "8012",
    "connection": "keep-alive",
    "x-amzn-requestid": "38fddd28-c5e8-4af2-a100-a6cd6ad9f87e",
    "x-amzn-bedrock-invocation-latency": "40186",
    "x-amzn-bedrock-output-token-count": "1701",
    "x-amzn-bedrock-input-token-count": "3085"
  },
  "RetryAttempts": 4
}
2024-11-19 03:51:23,300 - INFO - Successfully wrote to S3. Status: 200
2024-11-19 03:51:23,308 - INFO - Requirements generated successfully for target/src/pl_pig_chess_interface.py
2024-11-19 03:51:23,311 - INFO - Completed processing file 3/3
2024-11-19 03:51:23,312 - INFO - Batch requirements generation process completed
